CRITICAL - 2022-01-21 10:34:18 --> Too few arguments to function App\controllers\Ingreso::editar(), 0 passed in C:\xampp\htdocs\codeigniter4\system\CodeIgniter.php on line 825 and exactly 1 expected
#0 C:\xampp\htdocs\codeigniter4\system\CodeIgniter.php(825): App\controllers\Ingreso->editar()
#1 C:\xampp\htdocs\codeigniter4\system\CodeIgniter.php(412): CodeIgniter\CodeIgniter->runController(Object(App\controllers\Ingreso))
#2 C:\xampp\htdocs\codeigniter4\system\CodeIgniter.php(320): CodeIgniter\CodeIgniter->handleRequest(NULL, Object(Config\Cache), false)
#3 C:\xampp\htdocs\codeigniter4\public\index.php(37): CodeIgniter\CodeIgniter->run()
#4 {main}
CRITICAL - 2022-01-21 10:34:48 --> Invalid file: ingreso/editar.php
#0 C:\xampp\htdocs\codeigniter4\system\View\View.php(198): CodeIgniter\Exceptions\FrameworkException::forInvalidFile('ingreso/editar....')
#1 C:\xampp\htdocs\codeigniter4\system\Common.php(1089): CodeIgniter\View\View->render('ingreso/editar', Array, true)
#2 C:\xampp\htdocs\codeigniter4\app\Controllers\Ingreso.php(62): view('ingreso/editar', Array)
#3 C:\xampp\htdocs\codeigniter4\system\CodeIgniter.php(825): App\controllers\Ingreso->editar('7')
#4 C:\xampp\htdocs\codeigniter4\system\CodeIgniter.php(412): CodeIgniter\CodeIgniter->runController(Object(App\controllers\Ingreso))
#5 C:\xampp\htdocs\codeigniter4\system\CodeIgniter.php(320): CodeIgniter\CodeIgniter->handleRequest(NULL, Object(Config\Cache), false)
#6 C:\xampp\htdocs\codeigniter4\public\index.php(37): CodeIgniter\CodeIgniter->run()
#7 {main}
CRITICAL - 2022-01-21 10:35:31 --> Invalid file: ingreso/editar.php
#0 C:\xampp\htdocs\codeigniter4\system\View\View.php(198): CodeIgniter\Exceptions\FrameworkException::forInvalidFile('ingreso/editar....')
#1 C:\xampp\htdocs\codeigniter4\system\Common.php(1089): CodeIgniter\View\View->render('ingreso/editar', Array, true)
#2 C:\xampp\htdocs\codeigniter4\app\Controllers\Ingreso.php(62): view('ingreso/editar', Array)
#3 C:\xampp\htdocs\codeigniter4\system\CodeIgniter.php(825): App\controllers\Ingreso->editar('7')
#4 C:\xampp\htdocs\codeigniter4\system\CodeIgniter.php(412): CodeIgniter\CodeIgniter->runController(Object(App\controllers\Ingreso))
#5 C:\xampp\htdocs\codeigniter4\system\CodeIgniter.php(320): CodeIgniter\CodeIgniter->handleRequest(NULL, Object(Config\Cache), false)
#6 C:\xampp\htdocs\codeigniter4\public\index.php(37): CodeIgniter\CodeIgniter->run()
#7 {main}
CRITICAL - 2022-01-21 10:35:31 --> Invalid file: ingreso/editar.php
#0 C:\xampp\htdocs\codeigniter4\system\View\View.php(198): CodeIgniter\Exceptions\FrameworkException::forInvalidFile('ingreso/editar....')
#1 C:\xampp\htdocs\codeigniter4\system\Common.php(1089): CodeIgniter\View\View->render('ingreso/editar', Array, true)
#2 C:\xampp\htdocs\codeigniter4\app\Controllers\Ingreso.php(62): view('ingreso/editar', Array)
#3 C:\xampp\htdocs\codeigniter4\system\CodeIgniter.php(825): App\controllers\Ingreso->editar('7')
#4 C:\xampp\htdocs\codeigniter4\system\CodeIgniter.php(412): CodeIgniter\CodeIgniter->runController(Object(App\controllers\Ingreso))
#5 C:\xampp\htdocs\codeigniter4\system\CodeIgniter.php(320): CodeIgniter\CodeIgniter->handleRequest(NULL, Object(Config\Cache), false)
#6 C:\xampp\htdocs\codeigniter4\public\index.php(37): CodeIgniter\CodeIgniter->run()
#7 {main}
CRITICAL - 2022-01-21 10:35:35 --> Too few arguments to function App\controllers\Ingreso::editar(), 0 passed in C:\xampp\htdocs\codeigniter4\system\CodeIgniter.php on line 825 and exactly 1 expected
#0 C:\xampp\htdocs\codeigniter4\system\CodeIgniter.php(825): App\controllers\Ingreso->editar()
#1 C:\xampp\htdocs\codeigniter4\system\CodeIgniter.php(412): CodeIgniter\CodeIgniter->runController(Object(App\controllers\Ingreso))
#2 C:\xampp\htdocs\codeigniter4\system\CodeIgniter.php(320): CodeIgniter\CodeIgniter->handleRequest(NULL, Object(Config\Cache), false)
#3 C:\xampp\htdocs\codeigniter4\public\index.php(37): CodeIgniter\CodeIgniter->run()
#4 {main}
CRITICAL - 2022-01-21 10:35:46 --> Too few arguments to function App\controllers\Ingreso::editar(), 0 passed in C:\xampp\htdocs\codeigniter4\system\CodeIgniter.php on line 825 and exactly 1 expected
#0 C:\xampp\htdocs\codeigniter4\system\CodeIgniter.php(825): App\controllers\Ingreso->editar()
#1 C:\xampp\htdocs\codeigniter4\system\CodeIgniter.php(412): CodeIgniter\CodeIgniter->runController(Object(App\controllers\Ingreso))
#2 C:\xampp\htdocs\codeigniter4\system\CodeIgniter.php(320): CodeIgniter\CodeIgniter->handleRequest(NULL, Object(Config\Cache), false)
#3 C:\xampp\htdocs\codeigniter4\public\index.php(37): CodeIgniter\CodeIgniter->run()
#4 {main}
CRITICAL - 2022-01-21 10:35:46 --> Too few arguments to function App\controllers\Ingreso::editar(), 0 passed in C:\xampp\htdocs\codeigniter4\system\CodeIgniter.php on line 825 and exactly 1 expected
#0 C:\xampp\htdocs\codeigniter4\system\CodeIgniter.php(825): App\controllers\Ingreso->editar()
#1 C:\xampp\htdocs\codeigniter4\system\CodeIgniter.php(412): CodeIgniter\CodeIgniter->runController(Object(App\controllers\Ingreso))
#2 C:\xampp\htdocs\codeigniter4\system\CodeIgniter.php(320): CodeIgniter\CodeIgniter->handleRequest(NULL, Object(Config\Cache), false)
#3 C:\xampp\htdocs\codeigniter4\public\index.php(37): CodeIgniter\CodeIgniter->run()
#4 {main}
CRITICAL - 2022-01-21 10:35:49 --> Too few arguments to function App\controllers\Ingreso::editar(), 0 passed in C:\xampp\htdocs\codeigniter4\system\CodeIgniter.php on line 825 and exactly 1 expected
#0 C:\xampp\htdocs\codeigniter4\system\CodeIgniter.php(825): App\controllers\Ingreso->editar()
#1 C:\xampp\htdocs\codeigniter4\system\CodeIgniter.php(412): CodeIgniter\CodeIgniter->runController(Object(App\controllers\Ingreso))
#2 C:\xampp\htdocs\codeigniter4\system\CodeIgniter.php(320): CodeIgniter\CodeIgniter->handleRequest(NULL, Object(Config\Cache), false)
#3 C:\xampp\htdocs\codeigniter4\public\index.php(37): CodeIgniter\CodeIgniter->run()
#4 {main}
CRITICAL - 2022-01-21 10:36:10 --> Too few arguments to function App\controllers\Ingreso::editar(), 0 passed in C:\xampp\htdocs\codeigniter4\system\CodeIgniter.php on line 825 and exactly 1 expected
#0 C:\xampp\htdocs\codeigniter4\system\CodeIgniter.php(825): App\controllers\Ingreso->editar()
#1 C:\xampp\htdocs\codeigniter4\system\CodeIgniter.php(412): CodeIgniter\CodeIgniter->runController(Object(App\controllers\Ingreso))
#2 C:\xampp\htdocs\codeigniter4\system\CodeIgniter.php(320): CodeIgniter\CodeIgniter->handleRequest(NULL, Object(Config\Cache), false)
#3 C:\xampp\htdocs\codeigniter4\public\index.php(37): CodeIgniter\CodeIgniter->run()
#4 {main}
CRITICAL - 2022-01-21 10:36:12 --> Invalid file: ingreso/editar.php
#0 C:\xampp\htdocs\codeigniter4\system\View\View.php(198): CodeIgniter\Exceptions\FrameworkException::forInvalidFile('ingreso/editar....')
#1 C:\xampp\htdocs\codeigniter4\system\Common.php(1089): CodeIgniter\View\View->render('ingreso/editar', Array, true)
#2 C:\xampp\htdocs\codeigniter4\app\Controllers\Ingreso.php(62): view('ingreso/editar', Array)
#3 C:\xampp\htdocs\codeigniter4\system\CodeIgniter.php(825): App\controllers\Ingreso->editar('6')
#4 C:\xampp\htdocs\codeigniter4\system\CodeIgniter.php(412): CodeIgniter\CodeIgniter->runController(Object(App\controllers\Ingreso))
#5 C:\xampp\htdocs\codeigniter4\system\CodeIgniter.php(320): CodeIgniter\CodeIgniter->handleRequest(NULL, Object(Config\Cache), false)
#6 C:\xampp\htdocs\codeigniter4\public\index.php(37): CodeIgniter\CodeIgniter->run()
#7 {main}
CRITICAL - 2022-01-21 10:36:45 --> Invalid file: ingreso/editar.php
#0 C:\xampp\htdocs\codeigniter4\system\View\View.php(198): CodeIgniter\Exceptions\FrameworkException::forInvalidFile('ingreso/editar....')
#1 C:\xampp\htdocs\codeigniter4\system\Common.php(1089): CodeIgniter\View\View->render('ingreso/editar', Array, true)
#2 C:\xampp\htdocs\codeigniter4\app\Controllers\Ingreso.php(62): view('ingreso/editar', Array)
#3 C:\xampp\htdocs\codeigniter4\system\CodeIgniter.php(825): App\controllers\Ingreso->editar('6')
#4 C:\xampp\htdocs\codeigniter4\system\CodeIgniter.php(412): CodeIgniter\CodeIgniter->runController(Object(App\controllers\Ingreso))
#5 C:\xampp\htdocs\codeigniter4\system\CodeIgniter.php(320): CodeIgniter\CodeIgniter->handleRequest(NULL, Object(Config\Cache), false)
#6 C:\xampp\htdocs\codeigniter4\public\index.php(37): CodeIgniter\CodeIgniter->run()
#7 {main}
CRITICAL - 2022-01-21 10:36:48 --> Too few arguments to function App\controllers\Ingreso::editar(), 0 passed in C:\xampp\htdocs\codeigniter4\system\CodeIgniter.php on line 825 and exactly 1 expected
#0 C:\xampp\htdocs\codeigniter4\system\CodeIgniter.php(825): App\controllers\Ingreso->editar()
#1 C:\xampp\htdocs\codeigniter4\system\CodeIgniter.php(412): CodeIgniter\CodeIgniter->runController(Object(App\controllers\Ingreso))
#2 C:\xampp\htdocs\codeigniter4\system\CodeIgniter.php(320): CodeIgniter\CodeIgniter->handleRequest(NULL, Object(Config\Cache), false)
#3 C:\xampp\htdocs\codeigniter4\public\index.php(37): CodeIgniter\CodeIgniter->run()
#4 {main}
CRITICAL - 2022-01-21 10:41:19 --> Invalid file: ingreso/editar.php
#0 C:\xampp\htdocs\codeigniter4\system\View\View.php(198): CodeIgniter\Exceptions\FrameworkException::forInvalidFile('ingreso/editar....')
#1 C:\xampp\htdocs\codeigniter4\system\Common.php(1089): CodeIgniter\View\View->render('ingreso/editar', Array, true)
#2 C:\xampp\htdocs\codeigniter4\app\Controllers\Ingreso.php(62): view('ingreso/editar', Array)
#3 C:\xampp\htdocs\codeigniter4\system\CodeIgniter.php(825): App\controllers\Ingreso->editar('7')
#4 C:\xampp\htdocs\codeigniter4\system\CodeIgniter.php(412): CodeIgniter\CodeIgniter->runController(Object(App\controllers\Ingreso))
#5 C:\xampp\htdocs\codeigniter4\system\CodeIgniter.php(320): CodeIgniter\CodeIgniter->handleRequest(NULL, Object(Config\Cache), false)
#6 C:\xampp\htdocs\codeigniter4\public\index.php(37): CodeIgniter\CodeIgniter->run()
#7 {main}
CRITICAL - 2022-01-21 10:42:57 --> Invalid file: ingreso/editar.php
#0 C:\xampp\htdocs\codeigniter4\system\View\View.php(198): CodeIgniter\Exceptions\FrameworkException::forInvalidFile('ingreso/editar....')
#1 C:\xampp\htdocs\codeigniter4\system\Common.php(1089): CodeIgniter\View\View->render('ingreso/editar', Array, true)
#2 C:\xampp\htdocs\codeigniter4\app\Controllers\Ingreso.php(62): view('ingreso/editar', Array)
#3 C:\xampp\htdocs\codeigniter4\system\CodeIgniter.php(825): App\controllers\Ingreso->editar('7')
#4 C:\xampp\htdocs\codeigniter4\system\CodeIgniter.php(412): CodeIgniter\CodeIgniter->runController(Object(App\controllers\Ingreso))
#5 C:\xampp\htdocs\codeigniter4\system\CodeIgniter.php(320): CodeIgniter\CodeIgniter->handleRequest(NULL, Object(Config\Cache), false)
#6 C:\xampp\htdocs\codeigniter4\public\index.php(37): CodeIgniter\CodeIgniter->run()
#7 {main}
CRITICAL - 2022-01-21 10:43:38 --> Invalid file: ingreso/editar.php
#0 C:\xampp\htdocs\codeigniter4\system\View\View.php(198): CodeIgniter\Exceptions\FrameworkException::forInvalidFile('ingreso/editar....')
#1 C:\xampp\htdocs\codeigniter4\system\Common.php(1089): CodeIgniter\View\View->render('ingreso/editar', Array, true)
#2 C:\xampp\htdocs\codeigniter4\app\Controllers\Ingreso.php(62): view('ingreso/editar', Array)
#3 C:\xampp\htdocs\codeigniter4\system\CodeIgniter.php(825): App\controllers\Ingreso->editar('8')
#4 C:\xampp\htdocs\codeigniter4\system\CodeIgniter.php(412): CodeIgniter\CodeIgniter->runController(Object(App\controllers\Ingreso))
#5 C:\xampp\htdocs\codeigniter4\system\CodeIgniter.php(320): CodeIgniter\CodeIgniter->handleRequest(NULL, Object(Config\Cache), false)
#6 C:\xampp\htdocs\codeigniter4\public\index.php(37): CodeIgniter\CodeIgniter->run()
#7 {main}
CRITICAL - 2022-01-21 10:44:00 --> Too few arguments to function App\controllers\Ingreso::editar(), 0 passed in C:\xampp\htdocs\codeigniter4\system\CodeIgniter.php on line 825 and exactly 1 expected
#0 C:\xampp\htdocs\codeigniter4\system\CodeIgniter.php(825): App\controllers\Ingreso->editar()
#1 C:\xampp\htdocs\codeigniter4\system\CodeIgniter.php(412): CodeIgniter\CodeIgniter->runController(Object(App\controllers\Ingreso))
#2 C:\xampp\htdocs\codeigniter4\system\CodeIgniter.php(320): CodeIgniter\CodeIgniter->handleRequest(NULL, Object(Config\Cache), false)
#3 C:\xampp\htdocs\codeigniter4\public\index.php(37): CodeIgniter\CodeIgniter->run()
#4 {main}
CRITICAL - 2022-01-21 10:44:05 --> Invalid file: ingreso/editar.php
#0 C:\xampp\htdocs\codeigniter4\system\View\View.php(198): CodeIgniter\Exceptions\FrameworkException::forInvalidFile('ingreso/editar....')
#1 C:\xampp\htdocs\codeigniter4\system\Common.php(1089): CodeIgniter\View\View->render('ingreso/editar', Array, true)
#2 C:\xampp\htdocs\codeigniter4\app\Controllers\Ingreso.php(62): view('ingreso/editar', Array)
#3 C:\xampp\htdocs\codeigniter4\system\CodeIgniter.php(825): App\controllers\Ingreso->editar('7')
#4 C:\xampp\htdocs\codeigniter4\system\CodeIgniter.php(412): CodeIgniter\CodeIgniter->runController(Object(App\controllers\Ingreso))
#5 C:\xampp\htdocs\codeigniter4\system\CodeIgniter.php(320): CodeIgniter\CodeIgniter->handleRequest(NULL, Object(Config\Cache), false)
#6 C:\xampp\htdocs\codeigniter4\public\index.php(37): CodeIgniter\CodeIgniter->run()
#7 {main}
CRITICAL - 2022-01-21 10:44:31 --> Invalid file: ingreso/editar.php
#0 C:\xampp\htdocs\codeigniter4\system\View\View.php(198): CodeIgniter\Exceptions\FrameworkException::forInvalidFile('ingreso/editar....')
#1 C:\xampp\htdocs\codeigniter4\system\Common.php(1089): CodeIgniter\View\View->render('ingreso/editar', Array, true)
#2 C:\xampp\htdocs\codeigniter4\app\Controllers\Ingreso.php(62): view('ingreso/editar', Array)
#3 C:\xampp\htdocs\codeigniter4\system\CodeIgniter.php(825): App\controllers\Ingreso->editar('7')
#4 C:\xampp\htdocs\codeigniter4\system\CodeIgniter.php(412): CodeIgniter\CodeIgniter->runController(Object(App\controllers\Ingreso))
#5 C:\xampp\htdocs\codeigniter4\system\CodeIgniter.php(320): CodeIgniter\CodeIgniter->handleRequest(NULL, Object(Config\Cache), false)
#6 C:\xampp\htdocs\codeigniter4\public\index.php(37): CodeIgniter\CodeIgniter->run()
#7 {main}
CRITICAL - 2022-01-21 10:44:35 --> Too few arguments to function App\controllers\Ingreso::editar(), 0 passed in C:\xampp\htdocs\codeigniter4\system\CodeIgniter.php on line 825 and exactly 1 expected
#0 C:\xampp\htdocs\codeigniter4\system\CodeIgniter.php(825): App\controllers\Ingreso->editar()
#1 C:\xampp\htdocs\codeigniter4\system\CodeIgniter.php(412): CodeIgniter\CodeIgniter->runController(Object(App\controllers\Ingreso))
#2 C:\xampp\htdocs\codeigniter4\system\CodeIgniter.php(320): CodeIgniter\CodeIgniter->handleRequest(NULL, Object(Config\Cache), false)
#3 C:\xampp\htdocs\codeigniter4\public\index.php(37): CodeIgniter\CodeIgniter->run()
#4 {main}
CRITICAL - 2022-01-21 10:44:51 --> Invalid file: ingreso/editar.php
#0 C:\xampp\htdocs\codeigniter4\system\View\View.php(198): CodeIgniter\Exceptions\FrameworkException::forInvalidFile('ingreso/editar....')
#1 C:\xampp\htdocs\codeigniter4\system\Common.php(1089): CodeIgniter\View\View->render('ingreso/editar', Array, true)
#2 C:\xampp\htdocs\codeigniter4\app\Controllers\Ingreso.php(62): view('ingreso/editar', Array)
#3 C:\xampp\htdocs\codeigniter4\system\CodeIgniter.php(825): App\controllers\Ingreso->editar('7')
#4 C:\xampp\htdocs\codeigniter4\system\CodeIgniter.php(412): CodeIgniter\CodeIgniter->runController(Object(App\controllers\Ingreso))
#5 C:\xampp\htdocs\codeigniter4\system\CodeIgniter.php(320): CodeIgniter\CodeIgniter->handleRequest(NULL, Object(Config\Cache), false)
#6 C:\xampp\htdocs\codeigniter4\public\index.php(37): CodeIgniter\CodeIgniter->run()
#7 {main}
ERROR - 2022-01-21 10:48:04 --> Column 'nombre' cannot be null
CRITICAL - 2022-01-21 10:48:04 --> Column 'nombre' cannot be null
#0 C:\xampp\htdocs\codeigniter4\system\Database\MySQLi\Connection.php(292): mysqli->query('INSERT INTO `pe...', 0)
#1 C:\xampp\htdocs\codeigniter4\system\Database\BaseConnection.php(670): CodeIgniter\Database\MySQLi\Connection->execute('INSERT INTO `pe...')
#2 C:\xampp\htdocs\codeigniter4\system\Database\BaseConnection.php(598): CodeIgniter\Database\BaseConnection->simpleQuery('INSERT INTO `pe...')
#3 C:\xampp\htdocs\codeigniter4\system\Database\BaseBuilder.php(1771): CodeIgniter\Database\BaseConnection->query('INSERT INTO `pe...', Array, false)
#4 C:\xampp\htdocs\codeigniter4\system\Model.php(239): CodeIgniter\Database\BaseBuilder->insert()
#5 C:\xampp\htdocs\codeigniter4\system\BaseModel.php(738): CodeIgniter\Model->doInsert(Array)
#6 C:\xampp\htdocs\codeigniter4\system\Model.php(625): CodeIgniter\BaseModel->insert(Array, false)
#7 C:\xampp\htdocs\codeigniter4\system\BaseModel.php(658): CodeIgniter\Model->insert(Array, false)
#8 C:\xampp\htdocs\codeigniter4\app\Controllers\Ingreso.php(49): CodeIgniter\BaseModel->save(Array)
#9 C:\xampp\htdocs\codeigniter4\system\CodeIgniter.php(825): App\controllers\Ingreso->insertar()
#10 C:\xampp\htdocs\codeigniter4\system\CodeIgniter.php(412): CodeIgniter\CodeIgniter->runController(Object(App\controllers\Ingreso))
#11 C:\xampp\htdocs\codeigniter4\system\CodeIgniter.php(320): CodeIgniter\CodeIgniter->handleRequest(NULL, Object(Config\Cache), false)
#12 C:\xampp\htdocs\codeigniter4\public\index.php(37): CodeIgniter\CodeIgniter->run()
#13 {main}
ERROR - 2022-01-21 10:48:18 --> Column 'nombre' cannot be null
CRITICAL - 2022-01-21 10:48:18 --> Column 'nombre' cannot be null
#0 C:\xampp\htdocs\codeigniter4\system\Database\MySQLi\Connection.php(292): mysqli->query('INSERT INTO `pe...', 0)
#1 C:\xampp\htdocs\codeigniter4\system\Database\BaseConnection.php(670): CodeIgniter\Database\MySQLi\Connection->execute('INSERT INTO `pe...')
#2 C:\xampp\htdocs\codeigniter4\system\Database\BaseConnection.php(598): CodeIgniter\Database\BaseConnection->simpleQuery('INSERT INTO `pe...')
#3 C:\xampp\htdocs\codeigniter4\system\Database\BaseBuilder.php(1771): CodeIgniter\Database\BaseConnection->query('INSERT INTO `pe...', Array, false)
#4 C:\xampp\htdocs\codeigniter4\system\Model.php(239): CodeIgniter\Database\BaseBuilder->insert()
#5 C:\xampp\htdocs\codeigniter4\system\BaseModel.php(738): CodeIgniter\Model->doInsert(Array)
#6 C:\xampp\htdocs\codeigniter4\system\Model.php(625): CodeIgniter\BaseModel->insert(Array, false)
#7 C:\xampp\htdocs\codeigniter4\system\BaseModel.php(658): CodeIgniter\Model->insert(Array, false)
#8 C:\xampp\htdocs\codeigniter4\app\Controllers\Ingreso.php(49): CodeIgniter\BaseModel->save(Array)
#9 C:\xampp\htdocs\codeigniter4\system\CodeIgniter.php(825): App\controllers\Ingreso->insertar()
#10 C:\xampp\htdocs\codeigniter4\system\CodeIgniter.php(412): CodeIgniter\CodeIgniter->runController(Object(App\controllers\Ingreso))
#11 C:\xampp\htdocs\codeigniter4\system\CodeIgniter.php(320): CodeIgniter\CodeIgniter->handleRequest(NULL, Object(Config\Cache), false)
#12 C:\xampp\htdocs\codeigniter4\public\index.php(37): CodeIgniter\CodeIgniter->run()
#13 {main}
CRITICAL - 2022-01-21 10:48:20 --> Too few arguments to function App\controllers\Ingreso::editar(), 0 passed in C:\xampp\htdocs\codeigniter4\system\CodeIgniter.php on line 825 and exactly 1 expected
#0 C:\xampp\htdocs\codeigniter4\system\CodeIgniter.php(825): App\controllers\Ingreso->editar()
#1 C:\xampp\htdocs\codeigniter4\system\CodeIgniter.php(412): CodeIgniter\CodeIgniter->runController(Object(App\controllers\Ingreso))
#2 C:\xampp\htdocs\codeigniter4\system\CodeIgniter.php(320): CodeIgniter\CodeIgniter->handleRequest(NULL, Object(Config\Cache), false)
#3 C:\xampp\htdocs\codeigniter4\public\index.php(37): CodeIgniter\CodeIgniter->run()
#4 {main}
CRITICAL - 2022-01-21 10:48:30 --> Too few arguments to function App\controllers\Ingreso::editar(), 0 passed in C:\xampp\htdocs\codeigniter4\system\CodeIgniter.php on line 825 and exactly 1 expected
#0 C:\xampp\htdocs\codeigniter4\system\CodeIgniter.php(825): App\controllers\Ingreso->editar()
#1 C:\xampp\htdocs\codeigniter4\system\CodeIgniter.php(412): CodeIgniter\CodeIgniter->runController(Object(App\controllers\Ingreso))
#2 C:\xampp\htdocs\codeigniter4\system\CodeIgniter.php(320): CodeIgniter\CodeIgniter->handleRequest(NULL, Object(Config\Cache), false)
#3 C:\xampp\htdocs\codeigniter4\public\index.php(37): CodeIgniter\CodeIgniter->run()
#4 {main}
CRITICAL - 2022-01-21 10:48:34 --> Invalid file: ingreso/editar.php
#0 C:\xampp\htdocs\codeigniter4\system\View\View.php(198): CodeIgniter\Exceptions\FrameworkException::forInvalidFile('ingreso/editar....')
#1 C:\xampp\htdocs\codeigniter4\system\Common.php(1089): CodeIgniter\View\View->render('ingreso/editar', Array, true)
#2 C:\xampp\htdocs\codeigniter4\app\Controllers\Ingreso.php(62): view('ingreso/editar', Array)
#3 C:\xampp\htdocs\codeigniter4\system\CodeIgniter.php(825): App\controllers\Ingreso->editar('8')
#4 C:\xampp\htdocs\codeigniter4\system\CodeIgniter.php(412): CodeIgniter\CodeIgniter->runController(Object(App\controllers\Ingreso))
#5 C:\xampp\htdocs\codeigniter4\system\CodeIgniter.php(320): CodeIgniter\CodeIgniter->handleRequest(NULL, Object(Config\Cache), false)
#6 C:\xampp\htdocs\codeigniter4\public\index.php(37): CodeIgniter\CodeIgniter->run()
#7 {main}
CRITICAL - 2022-01-21 10:49:17 --> Invalid file: ingreso/editar.php
#0 C:\xampp\htdocs\codeigniter4\system\View\View.php(198): CodeIgniter\Exceptions\FrameworkException::forInvalidFile('ingreso/editar....')
#1 C:\xampp\htdocs\codeigniter4\system\Common.php(1089): CodeIgniter\View\View->render('ingreso/editar', Array, true)
#2 C:\xampp\htdocs\codeigniter4\app\Controllers\Ingreso.php(62): view('ingreso/editar', Array)
#3 C:\xampp\htdocs\codeigniter4\system\CodeIgniter.php(825): App\controllers\Ingreso->editar('8')
#4 C:\xampp\htdocs\codeigniter4\system\CodeIgniter.php(412): CodeIgniter\CodeIgniter->runController(Object(App\controllers\Ingreso))
#5 C:\xampp\htdocs\codeigniter4\system\CodeIgniter.php(320): CodeIgniter\CodeIgniter->handleRequest(NULL, Object(Config\Cache), false)
#6 C:\xampp\htdocs\codeigniter4\public\index.php(37): CodeIgniter\CodeIgniter->run()
#7 {main}
CRITICAL - 2022-01-21 10:49:22 --> Invalid file: ingreso/editar.php
#0 C:\xampp\htdocs\codeigniter4\system\View\View.php(198): CodeIgniter\Exceptions\FrameworkException::forInvalidFile('ingreso/editar....')
#1 C:\xampp\htdocs\codeigniter4\system\Common.php(1089): CodeIgniter\View\View->render('ingreso/editar', Array, true)
#2 C:\xampp\htdocs\codeigniter4\app\Controllers\Ingreso.php(62): view('ingreso/editar', Array)
#3 C:\xampp\htdocs\codeigniter4\system\CodeIgniter.php(825): App\controllers\Ingreso->editar('8')
#4 C:\xampp\htdocs\codeigniter4\system\CodeIgniter.php(412): CodeIgniter\CodeIgniter->runController(Object(App\controllers\Ingreso))
#5 C:\xampp\htdocs\codeigniter4\system\CodeIgniter.php(320): CodeIgniter\CodeIgniter->handleRequest(NULL, Object(Config\Cache), false)
#6 C:\xampp\htdocs\codeigniter4\public\index.php(37): CodeIgniter\CodeIgniter->run()
#7 {main}
CRITICAL - 2022-01-21 10:54:47 --> Invalid file: ingreso/editar.php
#0 C:\xampp\htdocs\codeigniter4\system\View\View.php(198): CodeIgniter\Exceptions\FrameworkException::forInvalidFile('ingreso/editar....')
#1 C:\xampp\htdocs\codeigniter4\system\Common.php(1089): CodeIgniter\View\View->render('ingreso/editar', Array, true)
#2 C:\xampp\htdocs\codeigniter4\app\Controllers\Ingreso.php(62): view('ingreso/editar', Array)
#3 C:\xampp\htdocs\codeigniter4\system\CodeIgniter.php(825): App\controllers\Ingreso->editar('7')
#4 C:\xampp\htdocs\codeigniter4\system\CodeIgniter.php(412): CodeIgniter\CodeIgniter->runController(Object(App\controllers\Ingreso))
#5 C:\xampp\htdocs\codeigniter4\system\CodeIgniter.php(320): CodeIgniter\CodeIgniter->handleRequest(NULL, Object(Config\Cache), false)
#6 C:\xampp\htdocs\codeigniter4\public\index.php(37): CodeIgniter\CodeIgniter->run()
#7 {main}
CRITICAL - 2022-01-21 10:55:29 --> Invalid file: ingreso/editar.php
#0 C:\xampp\htdocs\codeigniter4\system\View\View.php(198): CodeIgniter\Exceptions\FrameworkException::forInvalidFile('ingreso/editar....')
#1 C:\xampp\htdocs\codeigniter4\system\Common.php(1089): CodeIgniter\View\View->render('ingreso/editar', Array, true)
#2 C:\xampp\htdocs\codeigniter4\app\Controllers\Ingreso.php(62): view('ingreso/editar', Array)
#3 C:\xampp\htdocs\codeigniter4\system\CodeIgniter.php(825): App\controllers\Ingreso->editar('7')
#4 C:\xampp\htdocs\codeigniter4\system\CodeIgniter.php(412): CodeIgniter\CodeIgniter->runController(Object(App\controllers\Ingreso))
#5 C:\xampp\htdocs\codeigniter4\system\CodeIgniter.php(320): CodeIgniter\CodeIgniter->handleRequest(NULL, Object(Config\Cache), false)
#6 C:\xampp\htdocs\codeigniter4\public\index.php(37): CodeIgniter\CodeIgniter->run()
#7 {main}
CRITICAL - 2022-01-21 10:55:37 --> Invalid file: ingreso/editar.php
#0 C:\xampp\htdocs\codeigniter4\system\View\View.php(198): CodeIgniter\Exceptions\FrameworkException::forInvalidFile('ingreso/editar....')
#1 C:\xampp\htdocs\codeigniter4\system\Common.php(1089): CodeIgniter\View\View->render('ingreso/editar', Array, true)
#2 C:\xampp\htdocs\codeigniter4\app\Controllers\Ingreso.php(62): view('ingreso/editar', Array)
#3 C:\xampp\htdocs\codeigniter4\system\CodeIgniter.php(825): App\controllers\Ingreso->editar('7')
#4 C:\xampp\htdocs\codeigniter4\system\CodeIgniter.php(412): CodeIgniter\CodeIgniter->runController(Object(App\controllers\Ingreso))
#5 C:\xampp\htdocs\codeigniter4\system\CodeIgniter.php(320): CodeIgniter\CodeIgniter->handleRequest(NULL, Object(Config\Cache), false)
#6 C:\xampp\htdocs\codeigniter4\public\index.php(37): CodeIgniter\CodeIgniter->run()
#7 {main}
CRITICAL - 2022-01-21 10:57:18 --> Invalid file: ingreso/editar.php
#0 C:\xampp\htdocs\codeigniter4\system\View\View.php(198): CodeIgniter\Exceptions\FrameworkException::forInvalidFile('ingreso/editar....')
#1 C:\xampp\htdocs\codeigniter4\system\Common.php(1089): CodeIgniter\View\View->render('ingreso/editar', Array, true)
#2 C:\xampp\htdocs\codeigniter4\app\Controllers\Ingreso.php(62): view('ingreso/editar', Array)
#3 C:\xampp\htdocs\codeigniter4\system\CodeIgniter.php(825): App\controllers\Ingreso->editar('7')
#4 C:\xampp\htdocs\codeigniter4\system\CodeIgniter.php(412): CodeIgniter\CodeIgniter->runController(Object(App\controllers\Ingreso))
#5 C:\xampp\htdocs\codeigniter4\system\CodeIgniter.php(320): CodeIgniter\CodeIgniter->handleRequest(NULL, Object(Config\Cache), false)
#6 C:\xampp\htdocs\codeigniter4\public\index.php(37): CodeIgniter\CodeIgniter->run()
#7 {main}
CRITICAL - 2022-01-21 11:05:06 --> Too few arguments to function App\controllers\Ingreso::actualizar(), 0 passed in C:\xampp\htdocs\codeigniter4\system\CodeIgniter.php on line 825 and exactly 1 expected
#0 C:\xampp\htdocs\codeigniter4\system\CodeIgniter.php(825): App\controllers\Ingreso->actualizar()
#1 C:\xampp\htdocs\codeigniter4\system\CodeIgniter.php(412): CodeIgniter\CodeIgniter->runController(Object(App\controllers\Ingreso))
#2 C:\xampp\htdocs\codeigniter4\system\CodeIgniter.php(320): CodeIgniter\CodeIgniter->handleRequest(NULL, Object(Config\Cache), false)
#3 C:\xampp\htdocs\codeigniter4\public\index.php(37): CodeIgniter\CodeIgniter->run()
#4 {main}
CRITICAL - 2022-01-21 11:05:30 --> Too few arguments to function App\controllers\Ingreso::actualizar(), 0 passed in C:\xampp\htdocs\codeigniter4\system\CodeIgniter.php on line 825 and exactly 1 expected
#0 C:\xampp\htdocs\codeigniter4\system\CodeIgniter.php(825): App\controllers\Ingreso->actualizar()
#1 C:\xampp\htdocs\codeigniter4\system\CodeIgniter.php(412): CodeIgniter\CodeIgniter->runController(Object(App\controllers\Ingreso))
#2 C:\xampp\htdocs\codeigniter4\system\CodeIgniter.php(320): CodeIgniter\CodeIgniter->handleRequest(NULL, Object(Config\Cache), false)
#3 C:\xampp\htdocs\codeigniter4\public\index.php(37): CodeIgniter\CodeIgniter->run()
#4 {main}
CRITICAL - 2022-01-21 11:05:41 --> Too few arguments to function App\controllers\Ingreso::actualizar(), 0 passed in C:\xampp\htdocs\codeigniter4\system\CodeIgniter.php on line 825 and exactly 1 expected
#0 C:\xampp\htdocs\codeigniter4\system\CodeIgniter.php(825): App\controllers\Ingreso->actualizar()
#1 C:\xampp\htdocs\codeigniter4\system\CodeIgniter.php(412): CodeIgniter\CodeIgniter->runController(Object(App\controllers\Ingreso))
#2 C:\xampp\htdocs\codeigniter4\system\CodeIgniter.php(320): CodeIgniter\CodeIgniter->handleRequest(NULL, Object(Config\Cache), false)
#3 C:\xampp\htdocs\codeigniter4\public\index.php(37): CodeIgniter\CodeIgniter->run()
#4 {main}
CRITICAL - 2022-01-21 11:05:44 --> Too few arguments to function App\controllers\Ingreso::actualizar(), 0 passed in C:\xampp\htdocs\codeigniter4\system\CodeIgniter.php on line 825 and exactly 1 expected
#0 C:\xampp\htdocs\codeigniter4\system\CodeIgniter.php(825): App\controllers\Ingreso->actualizar()
#1 C:\xampp\htdocs\codeigniter4\system\CodeIgniter.php(412): CodeIgniter\CodeIgniter->runController(Object(App\controllers\Ingreso))
#2 C:\xampp\htdocs\codeigniter4\system\CodeIgniter.php(320): CodeIgniter\CodeIgniter->handleRequest(NULL, Object(Config\Cache), false)
#3 C:\xampp\htdocs\codeigniter4\public\index.php(37): CodeIgniter\CodeIgniter->run()
#4 {main}
CRITICAL - 2022-01-21 11:08:07 --> Too few arguments to function App\controllers\Ingreso::actualizar(), 0 passed in C:\xampp\htdocs\codeigniter4\system\CodeIgniter.php on line 825 and exactly 1 expected
#0 C:\xampp\htdocs\codeigniter4\system\CodeIgniter.php(825): App\controllers\Ingreso->actualizar()
#1 C:\xampp\htdocs\codeigniter4\system\CodeIgniter.php(412): CodeIgniter\CodeIgniter->runController(Object(App\controllers\Ingreso))
#2 C:\xampp\htdocs\codeigniter4\system\CodeIgniter.php(320): CodeIgniter\CodeIgniter->handleRequest(NULL, Object(Config\Cache), false)
#3 C:\xampp\htdocs\codeigniter4\public\index.php(37): CodeIgniter\CodeIgniter->run()
#4 {main}
CRITICAL - 2022-01-21 11:11:29 --> Too few arguments to function App\controllers\Ingreso::actualizar(), 0 passed in C:\xampp\htdocs\codeigniter4\system\CodeIgniter.php on line 825 and exactly 1 expected
#0 C:\xampp\htdocs\codeigniter4\system\CodeIgniter.php(825): App\controllers\Ingreso->actualizar()
#1 C:\xampp\htdocs\codeigniter4\system\CodeIgniter.php(412): CodeIgniter\CodeIgniter->runController(Object(App\controllers\Ingreso))
#2 C:\xampp\htdocs\codeigniter4\system\CodeIgniter.php(320): CodeIgniter\CodeIgniter->handleRequest(NULL, Object(Config\Cache), false)
#3 C:\xampp\htdocs\codeigniter4\public\index.php(37): CodeIgniter\CodeIgniter->run()
#4 {main}
CRITICAL - 2022-01-21 11:13:03 --> Too few arguments to function App\controllers\Ingreso::actualizar(), 0 passed in C:\xampp\htdocs\codeigniter4\system\CodeIgniter.php on line 825 and exactly 1 expected
#0 C:\xampp\htdocs\codeigniter4\system\CodeIgniter.php(825): App\controllers\Ingreso->actualizar()
#1 C:\xampp\htdocs\codeigniter4\system\CodeIgniter.php(412): CodeIgniter\CodeIgniter->runController(Object(App\controllers\Ingreso))
#2 C:\xampp\htdocs\codeigniter4\system\CodeIgniter.php(320): CodeIgniter\CodeIgniter->handleRequest(NULL, Object(Config\Cache), false)
#3 C:\xampp\htdocs\codeigniter4\public\index.php(37): CodeIgniter\CodeIgniter->run()
#4 {main}
CRITICAL - 2022-01-21 11:19:51 --> Too few arguments to function App\controllers\Ingreso::actualizar(), 0 passed in C:\xampp\htdocs\codeigniter4\system\CodeIgniter.php on line 825 and exactly 1 expected
#0 C:\xampp\htdocs\codeigniter4\system\CodeIgniter.php(825): App\controllers\Ingreso->actualizar()
#1 C:\xampp\htdocs\codeigniter4\system\CodeIgniter.php(412): CodeIgniter\CodeIgniter->runController(Object(App\controllers\Ingreso))
#2 C:\xampp\htdocs\codeigniter4\system\CodeIgniter.php(320): CodeIgniter\CodeIgniter->handleRequest(NULL, Object(Config\Cache), false)
#3 C:\xampp\htdocs\codeigniter4\public\index.php(37): CodeIgniter\CodeIgniter->run()
#4 {main}
CRITICAL - 2022-01-21 11:37:56 --> Too few arguments to function App\controllers\Ingreso::actualizar(), 0 passed in C:\xampp\htdocs\codeigniter4\system\CodeIgniter.php on line 825 and exactly 1 expected
#0 C:\xampp\htdocs\codeigniter4\system\CodeIgniter.php(825): App\controllers\Ingreso->actualizar()
#1 C:\xampp\htdocs\codeigniter4\system\CodeIgniter.php(412): CodeIgniter\CodeIgniter->runController(Object(App\controllers\Ingreso))
#2 C:\xampp\htdocs\codeigniter4\system\CodeIgniter.php(320): CodeIgniter\CodeIgniter->handleRequest(NULL, Object(Config\Cache), false)
#3 C:\xampp\htdocs\codeigniter4\public\index.php(37): CodeIgniter\CodeIgniter->run()
#4 {main}
CRITICAL - 2022-01-21 11:39:12 --> Too few arguments to function App\controllers\Ingreso::actualizar(), 0 passed in C:\xampp\htdocs\codeigniter4\system\CodeIgniter.php on line 825 and exactly 1 expected
#0 C:\xampp\htdocs\codeigniter4\system\CodeIgniter.php(825): App\controllers\Ingreso->actualizar()
#1 C:\xampp\htdocs\codeigniter4\system\CodeIgniter.php(412): CodeIgniter\CodeIgniter->runController(Object(App\controllers\Ingreso))
#2 C:\xampp\htdocs\codeigniter4\system\CodeIgniter.php(320): CodeIgniter\CodeIgniter->handleRequest(NULL, Object(Config\Cache), false)
#3 C:\xampp\htdocs\codeigniter4\public\index.php(37): CodeIgniter\CodeIgniter->run()
#4 {main}
CRITICAL - 2022-01-21 11:39:25 --> Too few arguments to function App\controllers\Ingreso::actualizar(), 0 passed in C:\xampp\htdocs\codeigniter4\system\CodeIgniter.php on line 825 and exactly 1 expected
#0 C:\xampp\htdocs\codeigniter4\system\CodeIgniter.php(825): App\controllers\Ingreso->actualizar()
#1 C:\xampp\htdocs\codeigniter4\system\CodeIgniter.php(412): CodeIgniter\CodeIgniter->runController(Object(App\controllers\Ingreso))
#2 C:\xampp\htdocs\codeigniter4\system\CodeIgniter.php(320): CodeIgniter\CodeIgniter->handleRequest(NULL, Object(Config\Cache), false)
#3 C:\xampp\htdocs\codeigniter4\public\index.php(37): CodeIgniter\CodeIgniter->run()
#4 {main}
CRITICAL - 2022-01-21 11:39:28 --> Too few arguments to function App\controllers\Ingreso::actualizar(), 0 passed in C:\xampp\htdocs\codeigniter4\system\CodeIgniter.php on line 825 and exactly 1 expected
#0 C:\xampp\htdocs\codeigniter4\system\CodeIgniter.php(825): App\controllers\Ingreso->actualizar()
#1 C:\xampp\htdocs\codeigniter4\system\CodeIgniter.php(412): CodeIgniter\CodeIgniter->runController(Object(App\controllers\Ingreso))
#2 C:\xampp\htdocs\codeigniter4\system\CodeIgniter.php(320): CodeIgniter\CodeIgniter->handleRequest(NULL, Object(Config\Cache), false)
#3 C:\xampp\htdocs\codeigniter4\public\index.php(37): CodeIgniter\CodeIgniter->run()
#4 {main}
CRITICAL - 2022-01-21 11:39:33 --> Too few arguments to function App\controllers\Ingreso::actualizar(), 0 passed in C:\xampp\htdocs\codeigniter4\system\CodeIgniter.php on line 825 and exactly 1 expected
#0 C:\xampp\htdocs\codeigniter4\system\CodeIgniter.php(825): App\controllers\Ingreso->actualizar()
#1 C:\xampp\htdocs\codeigniter4\system\CodeIgniter.php(412): CodeIgniter\CodeIgniter->runController(Object(App\controllers\Ingreso))
#2 C:\xampp\htdocs\codeigniter4\system\CodeIgniter.php(320): CodeIgniter\CodeIgniter->handleRequest(NULL, Object(Config\Cache), false)
#3 C:\xampp\htdocs\codeigniter4\public\index.php(37): CodeIgniter\CodeIgniter->run()
#4 {main}
CRITICAL - 2022-01-21 11:39:46 --> Too few arguments to function App\controllers\Ingreso::actualizar(), 0 passed in C:\xampp\htdocs\codeigniter4\system\CodeIgniter.php on line 825 and exactly 1 expected
#0 C:\xampp\htdocs\codeigniter4\system\CodeIgniter.php(825): App\controllers\Ingreso->actualizar()
#1 C:\xampp\htdocs\codeigniter4\system\CodeIgniter.php(412): CodeIgniter\CodeIgniter->runController(Object(App\controllers\Ingreso))
#2 C:\xampp\htdocs\codeigniter4\system\CodeIgniter.php(320): CodeIgniter\CodeIgniter->handleRequest(NULL, Object(Config\Cache), false)
#3 C:\xampp\htdocs\codeigniter4\public\index.php(37): CodeIgniter\CodeIgniter->run()
#4 {main}
