CRITICAL - 2022-02-21 06:24:34 --> Class "App\Models\Usuario" not found
#0 C:\xampp\htdocs\code2\system\CodeIgniter.php(825): App\Controllers\Home->login()
#1 C:\xampp\htdocs\code2\system\CodeIgniter.php(412): CodeIgniter\CodeIgniter->runController(Object(App\Controllers\Home))
#2 C:\xampp\htdocs\code2\system\CodeIgniter.php(320): CodeIgniter\CodeIgniter->handleRequest(NULL, Object(Config\Cache), false)
#3 C:\xampp\htdocs\code2\public\index.php(37): CodeIgniter\CodeIgniter->run()
#4 {main}
CRITICAL - 2022-02-21 06:26:24 --> Class "App\Models\Usuarios" not found
#0 C:\xampp\htdocs\code2\system\CodeIgniter.php(825): App\Controllers\Home->login()
#1 C:\xampp\htdocs\code2\system\CodeIgniter.php(412): CodeIgniter\CodeIgniter->runController(Object(App\Controllers\Home))
#2 C:\xampp\htdocs\code2\system\CodeIgniter.php(320): CodeIgniter\CodeIgniter->handleRequest(NULL, Object(Config\Cache), false)
#3 C:\xampp\htdocs\code2\public\index.php(37): CodeIgniter\CodeIgniter->run()
#4 {main}
CRITICAL - 2022-02-21 06:26:54 --> count(): Argument #1 ($value) must be of type Countable|array, null given
#0 C:\xampp\htdocs\code2\app\Controllers\Home.php(33): count(NULL)
#1 C:\xampp\htdocs\code2\system\CodeIgniter.php(825): App\Controllers\Home->login()
#2 C:\xampp\htdocs\code2\system\CodeIgniter.php(412): CodeIgniter\CodeIgniter->runController(Object(App\Controllers\Home))
#3 C:\xampp\htdocs\code2\system\CodeIgniter.php(320): CodeIgniter\CodeIgniter->handleRequest(NULL, Object(Config\Cache), false)
#4 C:\xampp\htdocs\code2\public\index.php(37): CodeIgniter\CodeIgniter->run()
#5 {main}
CRITICAL - 2022-02-21 06:26:55 --> count(): Argument #1 ($value) must be of type Countable|array, null given
#0 C:\xampp\htdocs\code2\app\Controllers\Home.php(33): count(NULL)
#1 C:\xampp\htdocs\code2\system\CodeIgniter.php(825): App\Controllers\Home->login()
#2 C:\xampp\htdocs\code2\system\CodeIgniter.php(412): CodeIgniter\CodeIgniter->runController(Object(App\Controllers\Home))
#3 C:\xampp\htdocs\code2\system\CodeIgniter.php(320): CodeIgniter\CodeIgniter->handleRequest(NULL, Object(Config\Cache), false)
#4 C:\xampp\htdocs\code2\public\index.php(37): CodeIgniter\CodeIgniter->run()
#5 {main}
CRITICAL - 2022-02-21 06:39:44 --> syntax error, unexpected token "}", expecting "," or ";"
#0 C:\xampp\htdocs\code2\system\Autoloader\Autoloader.php(241): CodeIgniter\Autoloader\Autoloader->includeFile('C:\\xampp\\htdocs...')
#1 C:\xampp\htdocs\code2\system\Autoloader\Autoloader.php(219): CodeIgniter\Autoloader\Autoloader->loadInNamespace('App\\Controllers...')
#2 [internal function]: CodeIgniter\Autoloader\Autoloader->loadClass('App\\Controllers...')
#3 C:\xampp\htdocs\code2\system\CodeIgniter.php(790): class_exists('\\App\\Controller...', true)
#4 C:\xampp\htdocs\code2\system\CodeIgniter.php(399): CodeIgniter\CodeIgniter->startController()
#5 C:\xampp\htdocs\code2\system\CodeIgniter.php(320): CodeIgniter\CodeIgniter->handleRequest(NULL, Object(Config\Cache), false)
#6 C:\xampp\htdocs\code2\public\index.php(37): CodeIgniter\CodeIgniter->run()
#7 {main}
CRITICAL - 2022-02-21 06:39:52 --> view(): Argument #1 ($name) must be of type string, null given, called in C:\xampp\htdocs\code2\app\Controllers\Home.php on line 34
#0 C:\xampp\htdocs\code2\app\Controllers\Home.php(34): view(NULL)
#1 C:\xampp\htdocs\code2\system\CodeIgniter.php(825): App\Controllers\Home->login()
#2 C:\xampp\htdocs\code2\system\CodeIgniter.php(412): CodeIgniter\CodeIgniter->runController(Object(App\Controllers\Home))
#3 C:\xampp\htdocs\code2\system\CodeIgniter.php(320): CodeIgniter\CodeIgniter->handleRequest(NULL, Object(Config\Cache), false)
#4 C:\xampp\htdocs\code2\public\index.php(37): CodeIgniter\CodeIgniter->run()
#5 {main}
CRITICAL - 2022-02-21 07:06:51 --> Invalid file: header.php
#0 C:\xampp\htdocs\code2\system\View\View.php(198): CodeIgniter\Exceptions\FrameworkException::forInvalidFile('header.php')
#1 C:\xampp\htdocs\code2\system\Common.php(1089): CodeIgniter\View\View->render('header', Array, true)
#2 C:\xampp\htdocs\code2\app\Controllers\Home.php(19): view('header')
#3 C:\xampp\htdocs\code2\system\CodeIgniter.php(825): App\Controllers\Home->inicio()
#4 C:\xampp\htdocs\code2\system\CodeIgniter.php(412): CodeIgniter\CodeIgniter->runController(Object(App\Controllers\Home))
#5 C:\xampp\htdocs\code2\system\CodeIgniter.php(320): CodeIgniter\CodeIgniter->handleRequest(NULL, Object(Config\Cache), false)
#6 C:\xampp\htdocs\code2\public\index.php(37): CodeIgniter\CodeIgniter->run()
#7 {main}
CRITICAL - 2022-02-21 07:29:33 --> Call to undefined function session_()
#0 C:\xampp\htdocs\code2\system\View\View.php(210): include()
#1 C:\xampp\htdocs\code2\system\View\View.php(213): CodeIgniter\View\View->CodeIgniter\View\{closure}()
#2 C:\xampp\htdocs\code2\system\Common.php(1089): CodeIgniter\View\View->render('header', Array, true)
#3 C:\xampp\htdocs\code2\app\Controllers\Home.php(19): view('header')
#4 C:\xampp\htdocs\code2\system\CodeIgniter.php(825): App\Controllers\Home->inicio()
#5 C:\xampp\htdocs\code2\system\CodeIgniter.php(412): CodeIgniter\CodeIgniter->runController(Object(App\Controllers\Home))
#6 C:\xampp\htdocs\code2\system\CodeIgniter.php(320): CodeIgniter\CodeIgniter->handleRequest(NULL, Object(Config\Cache), false)
#7 C:\xampp\htdocs\code2\public\index.php(37): CodeIgniter\CodeIgniter->run()
#8 {main}
CRITICAL - 2022-02-21 09:15:03 --> Class "App\Filters\Sessionadmin" not found
#0 C:\xampp\htdocs\code2\system\CodeIgniter.php(386): CodeIgniter\Filters\Filters->run('inicio', 'before')
#1 C:\xampp\htdocs\code2\system\CodeIgniter.php(320): CodeIgniter\CodeIgniter->handleRequest(NULL, Object(Config\Cache), false)
#2 C:\xampp\htdocs\code2\public\index.php(37): CodeIgniter\CodeIgniter->run()
#3 {main}
CRITICAL - 2022-02-21 09:15:29 --> Class "App\Filters\Sessionadmin" not found
#0 C:\xampp\htdocs\code2\system\CodeIgniter.php(386): CodeIgniter\Filters\Filters->run('inicio', 'before')
#1 C:\xampp\htdocs\code2\system\CodeIgniter.php(320): CodeIgniter\CodeIgniter->handleRequest(NULL, Object(Config\Cache), false)
#2 C:\xampp\htdocs\code2\public\index.php(37): CodeIgniter\CodeIgniter->run()
#3 {main}
CRITICAL - 2022-02-21 09:16:05 --> Class "App\Filters\Sessionadmin" not found
#0 C:\xampp\htdocs\code2\system\CodeIgniter.php(386): CodeIgniter\Filters\Filters->run('inicio', 'before')
#1 C:\xampp\htdocs\code2\system\CodeIgniter.php(320): CodeIgniter\CodeIgniter->handleRequest(NULL, Object(Config\Cache), false)
#2 C:\xampp\htdocs\code2\public\index.php(37): CodeIgniter\CodeIgniter->run()
#3 {main}
CRITICAL - 2022-02-21 09:16:05 --> Class "App\Filters\Sessionadmin" not found
#0 C:\xampp\htdocs\code2\system\CodeIgniter.php(386): CodeIgniter\Filters\Filters->run('inicio', 'before')
#1 C:\xampp\htdocs\code2\system\CodeIgniter.php(320): CodeIgniter\CodeIgniter->handleRequest(NULL, Object(Config\Cache), false)
#2 C:\xampp\htdocs\code2\public\index.php(37): CodeIgniter\CodeIgniter->run()
#3 {main}
CRITICAL - 2022-02-21 09:16:07 --> Class "App\Filters\Sessionadmin" not found
#0 C:\xampp\htdocs\code2\system\CodeIgniter.php(386): CodeIgniter\Filters\Filters->run('inicio', 'before')
#1 C:\xampp\htdocs\code2\system\CodeIgniter.php(320): CodeIgniter\CodeIgniter->handleRequest(NULL, Object(Config\Cache), false)
#2 C:\xampp\htdocs\code2\public\index.php(37): CodeIgniter\CodeIgniter->run()
#3 {main}
CRITICAL - 2022-02-21 09:17:32 --> Class "App\Filters\Sessionadmin" not found
#0 C:\xampp\htdocs\code2\system\CodeIgniter.php(386): CodeIgniter\Filters\Filters->run('inicio', 'before')
#1 C:\xampp\htdocs\code2\system\CodeIgniter.php(320): CodeIgniter\CodeIgniter->handleRequest(NULL, Object(Config\Cache), false)
#2 C:\xampp\htdocs\code2\public\index.php(37): CodeIgniter\CodeIgniter->run()
#3 {main}
CRITICAL - 2022-02-21 09:17:35 --> Class "App\Filters\Sessionadmin" not found
#0 C:\xampp\htdocs\code2\system\CodeIgniter.php(386): CodeIgniter\Filters\Filters->run('inicio', 'before')
#1 C:\xampp\htdocs\code2\system\CodeIgniter.php(320): CodeIgniter\CodeIgniter->handleRequest(NULL, Object(Config\Cache), false)
#2 C:\xampp\htdocs\code2\public\index.php(37): CodeIgniter\CodeIgniter->run()
#3 {main}
CRITICAL - 2022-02-21 09:39:41 --> view(): Argument #1 ($name) must be of type string, array given, called in C:\xampp\htdocs\code2\app\Controllers\Home.php on line 50
#0 C:\xampp\htdocs\code2\app\Controllers\Home.php(50): view(Array)
#1 C:\xampp\htdocs\code2\system\CodeIgniter.php(825): App\Controllers\Home->login()
#2 C:\xampp\htdocs\code2\system\CodeIgniter.php(412): CodeIgniter\CodeIgniter->runController(Object(App\Controllers\Home))
#3 C:\xampp\htdocs\code2\system\CodeIgniter.php(320): CodeIgniter\CodeIgniter->handleRequest(NULL, Object(Config\Cache), false)
#4 C:\xampp\htdocs\code2\public\index.php(37): CodeIgniter\CodeIgniter->run()
#5 {main}
CRITICAL - 2022-02-21 09:39:45 --> view(): Argument #1 ($name) must be of type string, array given, called in C:\xampp\htdocs\code2\app\Controllers\Home.php on line 50
#0 C:\xampp\htdocs\code2\app\Controllers\Home.php(50): view(Array)
#1 C:\xampp\htdocs\code2\system\CodeIgniter.php(825): App\Controllers\Home->login()
#2 C:\xampp\htdocs\code2\system\CodeIgniter.php(412): CodeIgniter\CodeIgniter->runController(Object(App\Controllers\Home))
#3 C:\xampp\htdocs\code2\system\CodeIgniter.php(320): CodeIgniter\CodeIgniter->handleRequest(NULL, Object(Config\Cache), false)
#4 C:\xampp\htdocs\code2\public\index.php(37): CodeIgniter\CodeIgniter->run()
#5 {main}
CRITICAL - 2022-02-21 09:40:56 --> count(): Argument #1 ($value) must be of type Countable|array, string given
#0 C:\xampp\htdocs\code2\app\Controllers\Home.php(40): count('usuario')
#1 C:\xampp\htdocs\code2\system\CodeIgniter.php(825): App\Controllers\Home->login()
#2 C:\xampp\htdocs\code2\system\CodeIgniter.php(412): CodeIgniter\CodeIgniter->runController(Object(App\Controllers\Home))
#3 C:\xampp\htdocs\code2\system\CodeIgniter.php(320): CodeIgniter\CodeIgniter->handleRequest(NULL, Object(Config\Cache), false)
#4 C:\xampp\htdocs\code2\public\index.php(37): CodeIgniter\CodeIgniter->run()
#5 {main}
CRITICAL - 2022-02-21 09:41:47 --> count(): Argument #1 ($value) must be of type Countable|array, string given
#0 C:\xampp\htdocs\code2\app\Controllers\Home.php(40): count('usuario')
#1 C:\xampp\htdocs\code2\system\CodeIgniter.php(825): App\Controllers\Home->login()
#2 C:\xampp\htdocs\code2\system\CodeIgniter.php(412): CodeIgniter\CodeIgniter->runController(Object(App\Controllers\Home))
#3 C:\xampp\htdocs\code2\system\CodeIgniter.php(320): CodeIgniter\CodeIgniter->handleRequest(NULL, Object(Config\Cache), false)
#4 C:\xampp\htdocs\code2\public\index.php(37): CodeIgniter\CodeIgniter->run()
#5 {main}
CRITICAL - 2022-02-21 09:41:51 --> count(): Argument #1 ($value) must be of type Countable|array, string given
#0 C:\xampp\htdocs\code2\app\Controllers\Home.php(40): count('usuario')
#1 C:\xampp\htdocs\code2\system\CodeIgniter.php(825): App\Controllers\Home->login()
#2 C:\xampp\htdocs\code2\system\CodeIgniter.php(412): CodeIgniter\CodeIgniter->runController(Object(App\Controllers\Home))
#3 C:\xampp\htdocs\code2\system\CodeIgniter.php(320): CodeIgniter\CodeIgniter->handleRequest(NULL, Object(Config\Cache), false)
#4 C:\xampp\htdocs\code2\public\index.php(37): CodeIgniter\CodeIgniter->run()
#5 {main}
CRITICAL - 2022-02-21 09:41:58 --> count(): Argument #1 ($value) must be of type Countable|array, string given
#0 C:\xampp\htdocs\code2\app\Controllers\Home.php(40): count('usuario')
#1 C:\xampp\htdocs\code2\system\CodeIgniter.php(825): App\Controllers\Home->login()
#2 C:\xampp\htdocs\code2\system\CodeIgniter.php(412): CodeIgniter\CodeIgniter->runController(Object(App\Controllers\Home))
#3 C:\xampp\htdocs\code2\system\CodeIgniter.php(320): CodeIgniter\CodeIgniter->handleRequest(NULL, Object(Config\Cache), false)
#4 C:\xampp\htdocs\code2\public\index.php(37): CodeIgniter\CodeIgniter->run()
#5 {main}
CRITICAL - 2022-02-21 09:47:28 --> Unclosed '{' on line 13 does not match ']'
#0 C:\xampp\htdocs\code2\system\Autoloader\Autoloader.php(241): CodeIgniter\Autoloader\Autoloader->includeFile('C:\\xampp\\htdocs...')
#1 C:\xampp\htdocs\code2\system\Autoloader\Autoloader.php(219): CodeIgniter\Autoloader\Autoloader->loadInNamespace('Config\\Filters')
#2 [internal function]: CodeIgniter\Autoloader\Autoloader->loadClass('Config\\Filters')
#3 C:\xampp\htdocs\code2\system\Config\Factories.php(136): class_exists('Config\\Filters')
#4 C:\xampp\htdocs\code2\system\Config\Factories.php(106): CodeIgniter\Config\Factories::locateClass(Array, 'Filters')
#5 C:\xampp\htdocs\code2\system\Common.php(198): CodeIgniter\Config\Factories::__callStatic('config', Array)
#6 C:\xampp\htdocs\code2\system\Config\Services.php(258): config('Filters')
#7 C:\xampp\htdocs\code2\system\Config\BaseService.php(248): CodeIgniter\Config\Services::filters(NULL, false)
#8 C:\xampp\htdocs\code2\system\Config\BaseService.php(189): CodeIgniter\Config\BaseService::__callStatic('filters', Array)
#9 C:\xampp\htdocs\code2\system\Config\Services.php(255): CodeIgniter\Config\BaseService::getSharedInstance('filters', NULL)
#10 C:\xampp\htdocs\code2\system\Config\BaseService.php(248): CodeIgniter\Config\Services::filters()
#11 C:\xampp\htdocs\code2\system\CodeIgniter.php(366): CodeIgniter\Config\BaseService::__callStatic('filters', Array)
#12 C:\xampp\htdocs\code2\system\CodeIgniter.php(320): CodeIgniter\CodeIgniter->handleRequest(NULL, Object(Config\Cache), false)
#13 C:\xampp\htdocs\code2\public\index.php(37): CodeIgniter\CodeIgniter->run()
#14 {main}
CRITICAL - 2022-02-21 10:35:42 --> Undefined array key 1
#0 C:\xampp\htdocs\code2\app\Controllers\Home.php(44): CodeIgniter\Debug\Exceptions->errorHandler(2, 'Undefined array...', 'C:\\xampp\\htdocs...', 44)
#1 C:\xampp\htdocs\code2\system\CodeIgniter.php(825): App\Controllers\Home->login()
#2 C:\xampp\htdocs\code2\system\CodeIgniter.php(412): CodeIgniter\CodeIgniter->runController(Object(App\Controllers\Home))
#3 C:\xampp\htdocs\code2\system\CodeIgniter.php(320): CodeIgniter\CodeIgniter->handleRequest(NULL, Object(Config\Cache), false)
#4 C:\xampp\htdocs\code2\public\index.php(37): CodeIgniter\CodeIgniter->run()
#5 {main}
CRITICAL - 2022-02-21 10:36:20 --> Undefined array key 1
#0 C:\xampp\htdocs\code2\app\Controllers\Home.php(40): CodeIgniter\Debug\Exceptions->errorHandler(2, 'Undefined array...', 'C:\\xampp\\htdocs...', 40)
#1 C:\xampp\htdocs\code2\system\CodeIgniter.php(825): App\Controllers\Home->login()
#2 C:\xampp\htdocs\code2\system\CodeIgniter.php(412): CodeIgniter\CodeIgniter->runController(Object(App\Controllers\Home))
#3 C:\xampp\htdocs\code2\system\CodeIgniter.php(320): CodeIgniter\CodeIgniter->handleRequest(NULL, Object(Config\Cache), false)
#4 C:\xampp\htdocs\code2\public\index.php(37): CodeIgniter\CodeIgniter->run()
#5 {main}
CRITICAL - 2022-02-21 10:38:19 --> Undefined variable $datosusuario
#0 C:\xampp\htdocs\code2\app\Views\inicio.php(10): CodeIgniter\Debug\Exceptions->errorHandler(2, 'Undefined varia...', 'C:\\xampp\\htdocs...', 10)
#1 C:\xampp\htdocs\code2\system\View\View.php(210): include('C:\\xampp\\htdocs...')
#2 C:\xampp\htdocs\code2\system\View\View.php(213): CodeIgniter\View\View->CodeIgniter\View\{closure}()
#3 C:\xampp\htdocs\code2\system\Common.php(1089): CodeIgniter\View\View->render('inicio', Array, true)
#4 C:\xampp\htdocs\code2\app\Controllers\Home.php(21): view('inicio')
#5 C:\xampp\htdocs\code2\system\CodeIgniter.php(825): App\Controllers\Home->inicio()
#6 C:\xampp\htdocs\code2\system\CodeIgniter.php(412): CodeIgniter\CodeIgniter->runController(Object(App\Controllers\Home))
#7 C:\xampp\htdocs\code2\system\CodeIgniter.php(320): CodeIgniter\CodeIgniter->handleRequest(NULL, Object(Config\Cache), false)
#8 C:\xampp\htdocs\code2\public\index.php(37): CodeIgniter\CodeIgniter->run()
#9 {main}
CRITICAL - 2022-02-21 10:38:27 --> Undefined variable $datosusuario
#0 C:\xampp\htdocs\code2\app\Views\inicio.php(10): CodeIgniter\Debug\Exceptions->errorHandler(2, 'Undefined varia...', 'C:\\xampp\\htdocs...', 10)
#1 C:\xampp\htdocs\code2\system\View\View.php(210): include('C:\\xampp\\htdocs...')
#2 C:\xampp\htdocs\code2\system\View\View.php(213): CodeIgniter\View\View->CodeIgniter\View\{closure}()
#3 C:\xampp\htdocs\code2\system\Common.php(1089): CodeIgniter\View\View->render('inicio', Array, true)
#4 C:\xampp\htdocs\code2\app\Controllers\Home.php(21): view('inicio')
#5 C:\xampp\htdocs\code2\system\CodeIgniter.php(825): App\Controllers\Home->inicio()
#6 C:\xampp\htdocs\code2\system\CodeIgniter.php(412): CodeIgniter\CodeIgniter->runController(Object(App\Controllers\Home))
#7 C:\xampp\htdocs\code2\system\CodeIgniter.php(320): CodeIgniter\CodeIgniter->handleRequest(NULL, Object(Config\Cache), false)
#8 C:\xampp\htdocs\code2\public\index.php(37): CodeIgniter\CodeIgniter->run()
#9 {main}
CRITICAL - 2022-02-21 10:38:28 --> Undefined variable $datosusuario
#0 C:\xampp\htdocs\code2\app\Views\inicio.php(10): CodeIgniter\Debug\Exceptions->errorHandler(2, 'Undefined varia...', 'C:\\xampp\\htdocs...', 10)
#1 C:\xampp\htdocs\code2\system\View\View.php(210): include('C:\\xampp\\htdocs...')
#2 C:\xampp\htdocs\code2\system\View\View.php(213): CodeIgniter\View\View->CodeIgniter\View\{closure}()
#3 C:\xampp\htdocs\code2\system\Common.php(1089): CodeIgniter\View\View->render('inicio', Array, true)
#4 C:\xampp\htdocs\code2\app\Controllers\Home.php(21): view('inicio')
#5 C:\xampp\htdocs\code2\system\CodeIgniter.php(825): App\Controllers\Home->inicio()
#6 C:\xampp\htdocs\code2\system\CodeIgniter.php(412): CodeIgniter\CodeIgniter->runController(Object(App\Controllers\Home))
#7 C:\xampp\htdocs\code2\system\CodeIgniter.php(320): CodeIgniter\CodeIgniter->handleRequest(NULL, Object(Config\Cache), false)
#8 C:\xampp\htdocs\code2\public\index.php(37): CodeIgniter\CodeIgniter->run()
#9 {main}
CRITICAL - 2022-02-21 10:38:28 --> Undefined variable $datosusuario
#0 C:\xampp\htdocs\code2\app\Views\inicio.php(10): CodeIgniter\Debug\Exceptions->errorHandler(2, 'Undefined varia...', 'C:\\xampp\\htdocs...', 10)
#1 C:\xampp\htdocs\code2\system\View\View.php(210): include('C:\\xampp\\htdocs...')
#2 C:\xampp\htdocs\code2\system\View\View.php(213): CodeIgniter\View\View->CodeIgniter\View\{closure}()
#3 C:\xampp\htdocs\code2\system\Common.php(1089): CodeIgniter\View\View->render('inicio', Array, true)
#4 C:\xampp\htdocs\code2\app\Controllers\Home.php(21): view('inicio')
#5 C:\xampp\htdocs\code2\system\CodeIgniter.php(825): App\Controllers\Home->inicio()
#6 C:\xampp\htdocs\code2\system\CodeIgniter.php(412): CodeIgniter\CodeIgniter->runController(Object(App\Controllers\Home))
#7 C:\xampp\htdocs\code2\system\CodeIgniter.php(320): CodeIgniter\CodeIgniter->handleRequest(NULL, Object(Config\Cache), false)
#8 C:\xampp\htdocs\code2\public\index.php(37): CodeIgniter\CodeIgniter->run()
#9 {main}
CRITICAL - 2022-02-21 10:39:44 --> Array to string conversion
#0 C:\xampp\htdocs\code2\app\Controllers\Home.php(50): CodeIgniter\Debug\Exceptions->errorHandler(2, 'Array to string...', 'C:\\xampp\\htdocs...', 50)
#1 C:\xampp\htdocs\code2\system\CodeIgniter.php(825): App\Controllers\Home->login()
#2 C:\xampp\htdocs\code2\system\CodeIgniter.php(412): CodeIgniter\CodeIgniter->runController(Object(App\Controllers\Home))
#3 C:\xampp\htdocs\code2\system\CodeIgniter.php(320): CodeIgniter\CodeIgniter->handleRequest(NULL, Object(Config\Cache), false)
#4 C:\xampp\htdocs\code2\public\index.php(37): CodeIgniter\CodeIgniter->run()
#5 {main}
CRITICAL - 2022-02-21 10:39:58 --> Array to string conversion
#0 C:\xampp\htdocs\code2\app\Controllers\Home.php(50): CodeIgniter\Debug\Exceptions->errorHandler(2, 'Array to string...', 'C:\\xampp\\htdocs...', 50)
#1 C:\xampp\htdocs\code2\system\CodeIgniter.php(825): App\Controllers\Home->login()
#2 C:\xampp\htdocs\code2\system\CodeIgniter.php(412): CodeIgniter\CodeIgniter->runController(Object(App\Controllers\Home))
#3 C:\xampp\htdocs\code2\system\CodeIgniter.php(320): CodeIgniter\CodeIgniter->handleRequest(NULL, Object(Config\Cache), false)
#4 C:\xampp\htdocs\code2\public\index.php(37): CodeIgniter\CodeIgniter->run()
#5 {main}
CRITICAL - 2022-02-21 10:40:00 --> Array to string conversion
#0 C:\xampp\htdocs\code2\app\Controllers\Home.php(50): CodeIgniter\Debug\Exceptions->errorHandler(2, 'Array to string...', 'C:\\xampp\\htdocs...', 50)
#1 C:\xampp\htdocs\code2\system\CodeIgniter.php(825): App\Controllers\Home->login()
#2 C:\xampp\htdocs\code2\system\CodeIgniter.php(412): CodeIgniter\CodeIgniter->runController(Object(App\Controllers\Home))
#3 C:\xampp\htdocs\code2\system\CodeIgniter.php(320): CodeIgniter\CodeIgniter->handleRequest(NULL, Object(Config\Cache), false)
#4 C:\xampp\htdocs\code2\public\index.php(37): CodeIgniter\CodeIgniter->run()
#5 {main}
CRITICAL - 2022-02-21 10:40:10 --> Array to string conversion
#0 C:\xampp\htdocs\code2\app\Controllers\Home.php(50): CodeIgniter\Debug\Exceptions->errorHandler(2, 'Array to string...', 'C:\\xampp\\htdocs...', 50)
#1 C:\xampp\htdocs\code2\system\CodeIgniter.php(825): App\Controllers\Home->login()
#2 C:\xampp\htdocs\code2\system\CodeIgniter.php(412): CodeIgniter\CodeIgniter->runController(Object(App\Controllers\Home))
#3 C:\xampp\htdocs\code2\system\CodeIgniter.php(320): CodeIgniter\CodeIgniter->handleRequest(NULL, Object(Config\Cache), false)
#4 C:\xampp\htdocs\code2\public\index.php(37): CodeIgniter\CodeIgniter->run()
#5 {main}
CRITICAL - 2022-02-21 10:40:13 --> Array to string conversion
#0 C:\xampp\htdocs\code2\app\Controllers\Home.php(50): CodeIgniter\Debug\Exceptions->errorHandler(2, 'Array to string...', 'C:\\xampp\\htdocs...', 50)
#1 C:\xampp\htdocs\code2\system\CodeIgniter.php(825): App\Controllers\Home->login()
#2 C:\xampp\htdocs\code2\system\CodeIgniter.php(412): CodeIgniter\CodeIgniter->runController(Object(App\Controllers\Home))
#3 C:\xampp\htdocs\code2\system\CodeIgniter.php(320): CodeIgniter\CodeIgniter->handleRequest(NULL, Object(Config\Cache), false)
#4 C:\xampp\htdocs\code2\public\index.php(37): CodeIgniter\CodeIgniter->run()
#5 {main}
CRITICAL - 2022-02-21 10:40:34 --> Array to string conversion
#0 C:\xampp\htdocs\code2\app\Controllers\Home.php(50): CodeIgniter\Debug\Exceptions->errorHandler(2, 'Array to string...', 'C:\\xampp\\htdocs...', 50)
#1 C:\xampp\htdocs\code2\system\CodeIgniter.php(825): App\Controllers\Home->login()
#2 C:\xampp\htdocs\code2\system\CodeIgniter.php(412): CodeIgniter\CodeIgniter->runController(Object(App\Controllers\Home))
#3 C:\xampp\htdocs\code2\system\CodeIgniter.php(320): CodeIgniter\CodeIgniter->handleRequest(NULL, Object(Config\Cache), false)
#4 C:\xampp\htdocs\code2\public\index.php(37): CodeIgniter\CodeIgniter->run()
#5 {main}
CRITICAL - 2022-02-21 10:41:37 --> syntax error, unexpected token "}"
#0 C:\xampp\htdocs\code2\system\Autoloader\Autoloader.php(241): CodeIgniter\Autoloader\Autoloader->includeFile('C:\\xampp\\htdocs...')
#1 C:\xampp\htdocs\code2\system\Autoloader\Autoloader.php(219): CodeIgniter\Autoloader\Autoloader->loadInNamespace('App\\Controllers...')
#2 [internal function]: CodeIgniter\Autoloader\Autoloader->loadClass('App\\Controllers...')
#3 C:\xampp\htdocs\code2\system\CodeIgniter.php(790): class_exists('\\App\\Controller...', true)
#4 C:\xampp\htdocs\code2\system\CodeIgniter.php(399): CodeIgniter\CodeIgniter->startController()
#5 C:\xampp\htdocs\code2\system\CodeIgniter.php(320): CodeIgniter\CodeIgniter->handleRequest(NULL, Object(Config\Cache), false)
#6 C:\xampp\htdocs\code2\public\index.php(37): CodeIgniter\CodeIgniter->run()
#7 {main}
CRITICAL - 2022-02-21 10:44:21 --> Undefined variable $data
#0 C:\xampp\htdocs\code2\app\Views\inicio.php(13): CodeIgniter\Debug\Exceptions->errorHandler(2, 'Undefined varia...', 'C:\\xampp\\htdocs...', 13)
#1 C:\xampp\htdocs\code2\system\View\View.php(210): include('C:\\xampp\\htdocs...')
#2 C:\xampp\htdocs\code2\system\View\View.php(213): CodeIgniter\View\View->CodeIgniter\View\{closure}()
#3 C:\xampp\htdocs\code2\system\Common.php(1089): CodeIgniter\View\View->render('inicio', Array, true)
#4 C:\xampp\htdocs\code2\app\Controllers\Home.php(21): view('inicio')
#5 C:\xampp\htdocs\code2\system\CodeIgniter.php(825): App\Controllers\Home->inicio()
#6 C:\xampp\htdocs\code2\system\CodeIgniter.php(412): CodeIgniter\CodeIgniter->runController(Object(App\Controllers\Home))
#7 C:\xampp\htdocs\code2\system\CodeIgniter.php(320): CodeIgniter\CodeIgniter->handleRequest(NULL, Object(Config\Cache), false)
#8 C:\xampp\htdocs\code2\public\index.php(37): CodeIgniter\CodeIgniter->run()
#9 {main}
CRITICAL - 2022-02-21 10:44:27 --> Undefined variable $data
#0 C:\xampp\htdocs\code2\app\Views\inicio.php(13): CodeIgniter\Debug\Exceptions->errorHandler(2, 'Undefined varia...', 'C:\\xampp\\htdocs...', 13)
#1 C:\xampp\htdocs\code2\system\View\View.php(210): include('C:\\xampp\\htdocs...')
#2 C:\xampp\htdocs\code2\system\View\View.php(213): CodeIgniter\View\View->CodeIgniter\View\{closure}()
#3 C:\xampp\htdocs\code2\system\Common.php(1089): CodeIgniter\View\View->render('inicio', Array, true)
#4 C:\xampp\htdocs\code2\app\Controllers\Home.php(21): view('inicio')
#5 C:\xampp\htdocs\code2\system\CodeIgniter.php(825): App\Controllers\Home->inicio()
#6 C:\xampp\htdocs\code2\system\CodeIgniter.php(412): CodeIgniter\CodeIgniter->runController(Object(App\Controllers\Home))
#7 C:\xampp\htdocs\code2\system\CodeIgniter.php(320): CodeIgniter\CodeIgniter->handleRequest(NULL, Object(Config\Cache), false)
#8 C:\xampp\htdocs\code2\public\index.php(37): CodeIgniter\CodeIgniter->run()
#9 {main}
CRITICAL - 2022-02-21 10:44:28 --> Undefined variable $data
#0 C:\xampp\htdocs\code2\app\Views\inicio.php(13): CodeIgniter\Debug\Exceptions->errorHandler(2, 'Undefined varia...', 'C:\\xampp\\htdocs...', 13)
#1 C:\xampp\htdocs\code2\system\View\View.php(210): include('C:\\xampp\\htdocs...')
#2 C:\xampp\htdocs\code2\system\View\View.php(213): CodeIgniter\View\View->CodeIgniter\View\{closure}()
#3 C:\xampp\htdocs\code2\system\Common.php(1089): CodeIgniter\View\View->render('inicio', Array, true)
#4 C:\xampp\htdocs\code2\app\Controllers\Home.php(21): view('inicio')
#5 C:\xampp\htdocs\code2\system\CodeIgniter.php(825): App\Controllers\Home->inicio()
#6 C:\xampp\htdocs\code2\system\CodeIgniter.php(412): CodeIgniter\CodeIgniter->runController(Object(App\Controllers\Home))
#7 C:\xampp\htdocs\code2\system\CodeIgniter.php(320): CodeIgniter\CodeIgniter->handleRequest(NULL, Object(Config\Cache), false)
#8 C:\xampp\htdocs\code2\public\index.php(37): CodeIgniter\CodeIgniter->run()
#9 {main}
CRITICAL - 2022-02-21 10:44:29 --> Undefined variable $data
#0 C:\xampp\htdocs\code2\app\Views\inicio.php(13): CodeIgniter\Debug\Exceptions->errorHandler(2, 'Undefined varia...', 'C:\\xampp\\htdocs...', 13)
#1 C:\xampp\htdocs\code2\system\View\View.php(210): include('C:\\xampp\\htdocs...')
#2 C:\xampp\htdocs\code2\system\View\View.php(213): CodeIgniter\View\View->CodeIgniter\View\{closure}()
#3 C:\xampp\htdocs\code2\system\Common.php(1089): CodeIgniter\View\View->render('inicio', Array, true)
#4 C:\xampp\htdocs\code2\app\Controllers\Home.php(21): view('inicio')
#5 C:\xampp\htdocs\code2\system\CodeIgniter.php(825): App\Controllers\Home->inicio()
#6 C:\xampp\htdocs\code2\system\CodeIgniter.php(412): CodeIgniter\CodeIgniter->runController(Object(App\Controllers\Home))
#7 C:\xampp\htdocs\code2\system\CodeIgniter.php(320): CodeIgniter\CodeIgniter->handleRequest(NULL, Object(Config\Cache), false)
#8 C:\xampp\htdocs\code2\public\index.php(37): CodeIgniter\CodeIgniter->run()
#9 {main}
CRITICAL - 2022-02-21 10:44:35 --> Call to undefined function alert()
#0 C:\xampp\htdocs\code2\system\View\View.php(210): include()
#1 C:\xampp\htdocs\code2\system\View\View.php(213): CodeIgniter\View\View->CodeIgniter\View\{closure}()
#2 C:\xampp\htdocs\code2\system\Common.php(1089): CodeIgniter\View\View->render('inicio', Array, true)
#3 C:\xampp\htdocs\code2\app\Controllers\Home.php(21): view('inicio')
#4 C:\xampp\htdocs\code2\system\CodeIgniter.php(825): App\Controllers\Home->inicio()
#5 C:\xampp\htdocs\code2\system\CodeIgniter.php(412): CodeIgniter\CodeIgniter->runController(Object(App\Controllers\Home))
#6 C:\xampp\htdocs\code2\system\CodeIgniter.php(320): CodeIgniter\CodeIgniter->handleRequest(NULL, Object(Config\Cache), false)
#7 C:\xampp\htdocs\code2\public\index.php(37): CodeIgniter\CodeIgniter->run()
#8 {main}
CRITICAL - 2022-02-21 10:44:47 --> Call to undefined function alert()
#0 C:\xampp\htdocs\code2\system\View\View.php(210): include()
#1 C:\xampp\htdocs\code2\system\View\View.php(213): CodeIgniter\View\View->CodeIgniter\View\{closure}()
#2 C:\xampp\htdocs\code2\system\Common.php(1089): CodeIgniter\View\View->render('inicio', Array, true)
#3 C:\xampp\htdocs\code2\app\Controllers\Home.php(21): view('inicio')
#4 C:\xampp\htdocs\code2\system\CodeIgniter.php(825): App\Controllers\Home->inicio()
#5 C:\xampp\htdocs\code2\system\CodeIgniter.php(412): CodeIgniter\CodeIgniter->runController(Object(App\Controllers\Home))
#6 C:\xampp\htdocs\code2\system\CodeIgniter.php(320): CodeIgniter\CodeIgniter->handleRequest(NULL, Object(Config\Cache), false)
#7 C:\xampp\htdocs\code2\public\index.php(37): CodeIgniter\CodeIgniter->run()
#8 {main}
CRITICAL - 2022-02-21 10:44:48 --> Call to undefined function alert()
#0 C:\xampp\htdocs\code2\system\View\View.php(210): include()
#1 C:\xampp\htdocs\code2\system\View\View.php(213): CodeIgniter\View\View->CodeIgniter\View\{closure}()
#2 C:\xampp\htdocs\code2\system\Common.php(1089): CodeIgniter\View\View->render('inicio', Array, true)
#3 C:\xampp\htdocs\code2\app\Controllers\Home.php(21): view('inicio')
#4 C:\xampp\htdocs\code2\system\CodeIgniter.php(825): App\Controllers\Home->inicio()
#5 C:\xampp\htdocs\code2\system\CodeIgniter.php(412): CodeIgniter\CodeIgniter->runController(Object(App\Controllers\Home))
#6 C:\xampp\htdocs\code2\system\CodeIgniter.php(320): CodeIgniter\CodeIgniter->handleRequest(NULL, Object(Config\Cache), false)
#7 C:\xampp\htdocs\code2\public\index.php(37): CodeIgniter\CodeIgniter->run()
#8 {main}
CRITICAL - 2022-02-21 10:44:49 --> Call to undefined function alert()
#0 C:\xampp\htdocs\code2\system\View\View.php(210): include()
#1 C:\xampp\htdocs\code2\system\View\View.php(213): CodeIgniter\View\View->CodeIgniter\View\{closure}()
#2 C:\xampp\htdocs\code2\system\Common.php(1089): CodeIgniter\View\View->render('inicio', Array, true)
#3 C:\xampp\htdocs\code2\app\Controllers\Home.php(21): view('inicio')
#4 C:\xampp\htdocs\code2\system\CodeIgniter.php(825): App\Controllers\Home->inicio()
#5 C:\xampp\htdocs\code2\system\CodeIgniter.php(412): CodeIgniter\CodeIgniter->runController(Object(App\Controllers\Home))
#6 C:\xampp\htdocs\code2\system\CodeIgniter.php(320): CodeIgniter\CodeIgniter->handleRequest(NULL, Object(Config\Cache), false)
#7 C:\xampp\htdocs\code2\public\index.php(37): CodeIgniter\CodeIgniter->run()
#8 {main}
CRITICAL - 2022-02-21 10:55:33 --> Call to undefined function alert()
#0 C:\xampp\htdocs\code2\system\View\View.php(210): include()
#1 C:\xampp\htdocs\code2\system\View\View.php(213): CodeIgniter\View\View->CodeIgniter\View\{closure}()
#2 C:\xampp\htdocs\code2\system\Common.php(1089): CodeIgniter\View\View->render('inicio', Array, true)
#3 C:\xampp\htdocs\code2\app\Controllers\Home.php(21): view('inicio')
#4 C:\xampp\htdocs\code2\system\CodeIgniter.php(825): App\Controllers\Home->inicio()
#5 C:\xampp\htdocs\code2\system\CodeIgniter.php(412): CodeIgniter\CodeIgniter->runController(Object(App\Controllers\Home))
#6 C:\xampp\htdocs\code2\system\CodeIgniter.php(320): CodeIgniter\CodeIgniter->handleRequest(NULL, Object(Config\Cache), false)
#7 C:\xampp\htdocs\code2\public\index.php(37): CodeIgniter\CodeIgniter->run()
#8 {main}
