CRITICAL - 2022-02-07 09:05:52 --> Undefined variable $dato
#0 C:\xampp\htdocs\code2\app\Views\ingreso\ingreso.php(43): CodeIgniter\Debug\Exceptions->errorHandler(2, 'Undefined varia...', 'C:\\xampp\\htdocs...', 43)
#1 C:\xampp\htdocs\code2\system\View\View.php(210): include('C:\\xampp\\htdocs...')
#2 C:\xampp\htdocs\code2\system\View\View.php(213): CodeIgniter\View\View->CodeIgniter\View\{closure}()
#3 C:\xampp\htdocs\code2\system\Common.php(1089): CodeIgniter\View\View->render('ingreso/ingreso', Array, true)
#4 C:\xampp\htdocs\code2\app\Controllers\Ingreso.php(25): view('ingreso/ingreso', Array)
#5 C:\xampp\htdocs\code2\system\CodeIgniter.php(825): App\controllers\Ingreso->index()
#6 C:\xampp\htdocs\code2\system\CodeIgniter.php(412): CodeIgniter\CodeIgniter->runController(Object(App\controllers\Ingreso))
#7 C:\xampp\htdocs\code2\system\CodeIgniter.php(320): CodeIgniter\CodeIgniter->handleRequest(NULL, Object(Config\Cache), false)
#8 C:\xampp\htdocs\code2\public\index.php(37): CodeIgniter\CodeIgniter->run()
#9 {main}
CRITICAL - 2022-02-07 09:24:39 --> Undefined variable $datos
#0 C:\xampp\htdocs\code2\app\Views\ingreso\nuevo.php(39): CodeIgniter\Debug\Exceptions->errorHandler(2, 'Undefined varia...', 'C:\\xampp\\htdocs...', 39)
#1 C:\xampp\htdocs\code2\system\View\View.php(210): include('C:\\xampp\\htdocs...')
#2 C:\xampp\htdocs\code2\system\View\View.php(213): CodeIgniter\View\View->CodeIgniter\View\{closure}()
#3 C:\xampp\htdocs\code2\system\Common.php(1089): CodeIgniter\View\View->render('ingreso/nuevo', Array, true)
#4 C:\xampp\htdocs\code2\app\Controllers\Ingreso.php(38): view('ingreso/nuevo', Array)
#5 C:\xampp\htdocs\code2\system\CodeIgniter.php(825): App\controllers\Ingreso->nuevo()
#6 C:\xampp\htdocs\code2\system\CodeIgniter.php(412): CodeIgniter\CodeIgniter->runController(Object(App\controllers\Ingreso))
#7 C:\xampp\htdocs\code2\system\CodeIgniter.php(320): CodeIgniter\CodeIgniter->handleRequest(NULL, Object(Config\Cache), false)
#8 C:\xampp\htdocs\code2\public\index.php(37): CodeIgniter\CodeIgniter->run()
#9 {main}
CRITICAL - 2022-02-07 09:25:12 --> Undefined variable $datos
#0 C:\xampp\htdocs\code2\app\Views\ingreso\nuevo.php(39): CodeIgniter\Debug\Exceptions->errorHandler(2, 'Undefined varia...', 'C:\\xampp\\htdocs...', 39)
#1 C:\xampp\htdocs\code2\system\View\View.php(210): include('C:\\xampp\\htdocs...')
#2 C:\xampp\htdocs\code2\system\View\View.php(213): CodeIgniter\View\View->CodeIgniter\View\{closure}()
#3 C:\xampp\htdocs\code2\system\Common.php(1089): CodeIgniter\View\View->render('ingreso/nuevo', Array, true)
#4 C:\xampp\htdocs\code2\app\Controllers\Ingreso.php(38): view('ingreso/nuevo', Array)
#5 C:\xampp\htdocs\code2\system\CodeIgniter.php(825): App\controllers\Ingreso->nuevo()
#6 C:\xampp\htdocs\code2\system\CodeIgniter.php(412): CodeIgniter\CodeIgniter->runController(Object(App\controllers\Ingreso))
#7 C:\xampp\htdocs\code2\system\CodeIgniter.php(320): CodeIgniter\CodeIgniter->handleRequest(NULL, Object(Config\Cache), false)
#8 C:\xampp\htdocs\code2\public\index.php(37): CodeIgniter\CodeIgniter->run()
#9 {main}
CRITICAL - 2022-02-07 09:25:34 --> Undefined variable $datos
#0 C:\xampp\htdocs\code2\app\Views\ingreso\nuevo.php(39): CodeIgniter\Debug\Exceptions->errorHandler(2, 'Undefined varia...', 'C:\\xampp\\htdocs...', 39)
#1 C:\xampp\htdocs\code2\system\View\View.php(210): include('C:\\xampp\\htdocs...')
#2 C:\xampp\htdocs\code2\system\View\View.php(213): CodeIgniter\View\View->CodeIgniter\View\{closure}()
#3 C:\xampp\htdocs\code2\system\Common.php(1089): CodeIgniter\View\View->render('ingreso/nuevo', Array, true)
#4 C:\xampp\htdocs\code2\app\Controllers\Ingreso.php(38): view('ingreso/nuevo', Array)
#5 C:\xampp\htdocs\code2\system\CodeIgniter.php(825): App\controllers\Ingreso->nuevo()
#6 C:\xampp\htdocs\code2\system\CodeIgniter.php(412): CodeIgniter\CodeIgniter->runController(Object(App\controllers\Ingreso))
#7 C:\xampp\htdocs\code2\system\CodeIgniter.php(320): CodeIgniter\CodeIgniter->handleRequest(NULL, Object(Config\Cache), false)
#8 C:\xampp\htdocs\code2\public\index.php(37): CodeIgniter\CodeIgniter->run()
#9 {main}
CRITICAL - 2022-02-07 11:09:42 --> Trying to access array offset on value of type null
#0 C:\xampp\htdocs\code2\app\Views\ingreso\editar.php(10): CodeIgniter\Debug\Exceptions->errorHandler(2, 'Trying to acces...', 'C:\\xampp\\htdocs...', 10)
#1 C:\xampp\htdocs\code2\system\View\View.php(210): include('C:\\xampp\\htdocs...')
#2 C:\xampp\htdocs\code2\system\View\View.php(213): CodeIgniter\View\View->CodeIgniter\View\{closure}()
#3 C:\xampp\htdocs\code2\system\Common.php(1089): CodeIgniter\View\View->render('ingreso/editar', Array, true)
#4 C:\xampp\htdocs\code2\app\Controllers\Ingreso.php(62): view('ingreso/editar', Array)
#5 C:\xampp\htdocs\code2\system\CodeIgniter.php(825): App\controllers\Ingreso->editar('assets', 'images', 'logo_sm.png')
#6 C:\xampp\htdocs\code2\system\CodeIgniter.php(412): CodeIgniter\CodeIgniter->runController(Object(App\controllers\Ingreso))
#7 C:\xampp\htdocs\code2\system\CodeIgniter.php(320): CodeIgniter\CodeIgniter->handleRequest(NULL, Object(Config\Cache), false)
#8 C:\xampp\htdocs\code2\public\index.php(37): CodeIgniter\CodeIgniter->run()
#9 {main}
CRITICAL - 2022-02-07 11:09:42 --> Trying to access array offset on value of type null
#0 C:\xampp\htdocs\code2\app\Views\ingreso\editar.php(10): CodeIgniter\Debug\Exceptions->errorHandler(2, 'Trying to acces...', 'C:\\xampp\\htdocs...', 10)
#1 C:\xampp\htdocs\code2\system\View\View.php(210): include('C:\\xampp\\htdocs...')
#2 C:\xampp\htdocs\code2\system\View\View.php(213): CodeIgniter\View\View->CodeIgniter\View\{closure}()
#3 C:\xampp\htdocs\code2\system\Common.php(1089): CodeIgniter\View\View->render('ingreso/editar', Array, true)
#4 C:\xampp\htdocs\code2\app\Controllers\Ingreso.php(62): view('ingreso/editar', Array)
#5 C:\xampp\htdocs\code2\system\CodeIgniter.php(825): App\controllers\Ingreso->editar('assets', 'plugins', 'jquery-sparklin...', 'jquery.sparklin...')
#6 C:\xampp\htdocs\code2\system\CodeIgniter.php(412): CodeIgniter\CodeIgniter->runController(Object(App\controllers\Ingreso))
#7 C:\xampp\htdocs\code2\system\CodeIgniter.php(320): CodeIgniter\CodeIgniter->handleRequest(NULL, Object(Config\Cache), false)
#8 C:\xampp\htdocs\code2\public\index.php(37): CodeIgniter\CodeIgniter->run()
#9 {main}
CRITICAL - 2022-02-07 11:09:42 --> Trying to access array offset on value of type null
#0 C:\xampp\htdocs\code2\app\Views\ingreso\editar.php(10): CodeIgniter\Debug\Exceptions->errorHandler(2, 'Trying to acces...', 'C:\\xampp\\htdocs...', 10)
#1 C:\xampp\htdocs\code2\system\View\View.php(210): include('C:\\xampp\\htdocs...')
#2 C:\xampp\htdocs\code2\system\View\View.php(213): CodeIgniter\View\View->CodeIgniter\View\{closure}()
#3 C:\xampp\htdocs\code2\system\Common.php(1089): CodeIgniter\View\View->render('ingreso/editar', Array, true)
#4 C:\xampp\htdocs\code2\app\Controllers\Ingreso.php(62): view('ingreso/editar', Array)
#5 C:\xampp\htdocs\code2\system\CodeIgniter.php(825): App\controllers\Ingreso->editar('assets', 'images', 'logo_white_2.pn...')
#6 C:\xampp\htdocs\code2\system\CodeIgniter.php(412): CodeIgniter\CodeIgniter->runController(Object(App\controllers\Ingreso))
#7 C:\xampp\htdocs\code2\system\CodeIgniter.php(320): CodeIgniter\CodeIgniter->handleRequest(NULL, Object(Config\Cache), false)
#8 C:\xampp\htdocs\code2\public\index.php(37): CodeIgniter\CodeIgniter->run()
#9 {main}
CRITICAL - 2022-02-07 11:09:42 --> Trying to access array offset on value of type null
#0 C:\xampp\htdocs\code2\app\Views\ingreso\editar.php(10): CodeIgniter\Debug\Exceptions->errorHandler(2, 'Trying to acces...', 'C:\\xampp\\htdocs...', 10)
#1 C:\xampp\htdocs\code2\system\View\View.php(210): include('C:\\xampp\\htdocs...')
#2 C:\xampp\htdocs\code2\system\View\View.php(213): CodeIgniter\View\View->CodeIgniter\View\{closure}()
#3 C:\xampp\htdocs\code2\system\Common.php(1089): CodeIgniter\View\View->render('ingreso/editar', Array, true)
#4 C:\xampp\htdocs\code2\app\Controllers\Ingreso.php(62): view('ingreso/editar', Array)
#5 C:\xampp\htdocs\code2\system\CodeIgniter.php(825): App\controllers\Ingreso->editar('assets', 'images', 'users', 'avatar-1.jpg')
#6 C:\xampp\htdocs\code2\system\CodeIgniter.php(412): CodeIgniter\CodeIgniter->runController(Object(App\controllers\Ingreso))
#7 C:\xampp\htdocs\code2\system\CodeIgniter.php(320): CodeIgniter\CodeIgniter->handleRequest(NULL, Object(Config\Cache), false)
#8 C:\xampp\htdocs\code2\public\index.php(37): CodeIgniter\CodeIgniter->run()
#9 {main}
CRITICAL - 2022-02-07 11:09:42 --> Trying to access array offset on value of type null
#0 C:\xampp\htdocs\code2\app\Views\ingreso\editar.php(10): CodeIgniter\Debug\Exceptions->errorHandler(2, 'Trying to acces...', 'C:\\xampp\\htdocs...', 10)
#1 C:\xampp\htdocs\code2\system\View\View.php(210): include('C:\\xampp\\htdocs...')
#2 C:\xampp\htdocs\code2\system\View\View.php(213): CodeIgniter\View\View->CodeIgniter\View\{closure}()
#3 C:\xampp\htdocs\code2\system\Common.php(1089): CodeIgniter\View\View->render('ingreso/editar', Array, true)
#4 C:\xampp\htdocs\code2\app\Controllers\Ingreso.php(62): view('ingreso/editar', Array)
#5 C:\xampp\htdocs\code2\system\CodeIgniter.php(825): App\controllers\Ingreso->editar('assets', 'images', 'favicon.ico')
#6 C:\xampp\htdocs\code2\system\CodeIgniter.php(412): CodeIgniter\CodeIgniter->runController(Object(App\controllers\Ingreso))
#7 C:\xampp\htdocs\code2\system\CodeIgniter.php(320): CodeIgniter\CodeIgniter->handleRequest(NULL, Object(Config\Cache), false)
#8 C:\xampp\htdocs\code2\public\index.php(37): CodeIgniter\CodeIgniter->run()
#9 {main}
CRITICAL - 2022-02-07 11:12:37 --> Trying to access array offset on value of type null
#0 C:\xampp\htdocs\code2\app\Views\ingreso\editar.php(10): CodeIgniter\Debug\Exceptions->errorHandler(2, 'Trying to acces...', 'C:\\xampp\\htdocs...', 10)
#1 C:\xampp\htdocs\code2\system\View\View.php(210): include('C:\\xampp\\htdocs...')
#2 C:\xampp\htdocs\code2\system\View\View.php(213): CodeIgniter\View\View->CodeIgniter\View\{closure}()
#3 C:\xampp\htdocs\code2\system\Common.php(1089): CodeIgniter\View\View->render('ingreso/editar', Array, true)
#4 C:\xampp\htdocs\code2\app\Controllers\Ingreso.php(62): view('ingreso/editar', Array)
#5 C:\xampp\htdocs\code2\system\CodeIgniter.php(825): App\controllers\Ingreso->editar('assets', 'plugins', 'jquery-sparklin...', 'jquery.sparklin...')
#6 C:\xampp\htdocs\code2\system\CodeIgniter.php(412): CodeIgniter\CodeIgniter->runController(Object(App\controllers\Ingreso))
#7 C:\xampp\htdocs\code2\system\CodeIgniter.php(320): CodeIgniter\CodeIgniter->handleRequest(NULL, Object(Config\Cache), false)
#8 C:\xampp\htdocs\code2\public\index.php(37): CodeIgniter\CodeIgniter->run()
#9 {main}
CRITICAL - 2022-02-07 11:12:37 --> Trying to access array offset on value of type null
#0 C:\xampp\htdocs\code2\app\Views\ingreso\editar.php(10): CodeIgniter\Debug\Exceptions->errorHandler(2, 'Trying to acces...', 'C:\\xampp\\htdocs...', 10)
#1 C:\xampp\htdocs\code2\system\View\View.php(210): include('C:\\xampp\\htdocs...')
#2 C:\xampp\htdocs\code2\system\View\View.php(213): CodeIgniter\View\View->CodeIgniter\View\{closure}()
#3 C:\xampp\htdocs\code2\system\Common.php(1089): CodeIgniter\View\View->render('ingreso/editar', Array, true)
#4 C:\xampp\htdocs\code2\app\Controllers\Ingreso.php(62): view('ingreso/editar', Array)
#5 C:\xampp\htdocs\code2\system\CodeIgniter.php(825): App\controllers\Ingreso->editar('assets', 'images', 'logo_white_2.pn...')
#6 C:\xampp\htdocs\code2\system\CodeIgniter.php(412): CodeIgniter\CodeIgniter->runController(Object(App\controllers\Ingreso))
#7 C:\xampp\htdocs\code2\system\CodeIgniter.php(320): CodeIgniter\CodeIgniter->handleRequest(NULL, Object(Config\Cache), false)
#8 C:\xampp\htdocs\code2\public\index.php(37): CodeIgniter\CodeIgniter->run()
#9 {main}
CRITICAL - 2022-02-07 11:12:37 --> Trying to access array offset on value of type null
#0 C:\xampp\htdocs\code2\app\Views\ingreso\editar.php(10): CodeIgniter\Debug\Exceptions->errorHandler(2, 'Trying to acces...', 'C:\\xampp\\htdocs...', 10)
#1 C:\xampp\htdocs\code2\system\View\View.php(210): include('C:\\xampp\\htdocs...')
#2 C:\xampp\htdocs\code2\system\View\View.php(213): CodeIgniter\View\View->CodeIgniter\View\{closure}()
#3 C:\xampp\htdocs\code2\system\Common.php(1089): CodeIgniter\View\View->render('ingreso/editar', Array, true)
#4 C:\xampp\htdocs\code2\app\Controllers\Ingreso.php(62): view('ingreso/editar', Array)
#5 C:\xampp\htdocs\code2\system\CodeIgniter.php(825): App\controllers\Ingreso->editar('assets', 'images', 'logo_sm.png')
#6 C:\xampp\htdocs\code2\system\CodeIgniter.php(412): CodeIgniter\CodeIgniter->runController(Object(App\controllers\Ingreso))
#7 C:\xampp\htdocs\code2\system\CodeIgniter.php(320): CodeIgniter\CodeIgniter->handleRequest(NULL, Object(Config\Cache), false)
#8 C:\xampp\htdocs\code2\public\index.php(37): CodeIgniter\CodeIgniter->run()
#9 {main}
CRITICAL - 2022-02-07 11:12:37 --> Trying to access array offset on value of type null
#0 C:\xampp\htdocs\code2\app\Views\ingreso\editar.php(10): CodeIgniter\Debug\Exceptions->errorHandler(2, 'Trying to acces...', 'C:\\xampp\\htdocs...', 10)
#1 C:\xampp\htdocs\code2\system\View\View.php(210): include('C:\\xampp\\htdocs...')
#2 C:\xampp\htdocs\code2\system\View\View.php(213): CodeIgniter\View\View->CodeIgniter\View\{closure}()
#3 C:\xampp\htdocs\code2\system\Common.php(1089): CodeIgniter\View\View->render('ingreso/editar', Array, true)
#4 C:\xampp\htdocs\code2\app\Controllers\Ingreso.php(62): view('ingreso/editar', Array)
#5 C:\xampp\htdocs\code2\system\CodeIgniter.php(825): App\controllers\Ingreso->editar('assets', 'images', 'users', 'avatar-1.jpg')
#6 C:\xampp\htdocs\code2\system\CodeIgniter.php(412): CodeIgniter\CodeIgniter->runController(Object(App\controllers\Ingreso))
#7 C:\xampp\htdocs\code2\system\CodeIgniter.php(320): CodeIgniter\CodeIgniter->handleRequest(NULL, Object(Config\Cache), false)
#8 C:\xampp\htdocs\code2\public\index.php(37): CodeIgniter\CodeIgniter->run()
#9 {main}
CRITICAL - 2022-02-07 11:12:37 --> Trying to access array offset on value of type null
#0 C:\xampp\htdocs\code2\app\Views\ingreso\editar.php(10): CodeIgniter\Debug\Exceptions->errorHandler(2, 'Trying to acces...', 'C:\\xampp\\htdocs...', 10)
#1 C:\xampp\htdocs\code2\system\View\View.php(210): include('C:\\xampp\\htdocs...')
#2 C:\xampp\htdocs\code2\system\View\View.php(213): CodeIgniter\View\View->CodeIgniter\View\{closure}()
#3 C:\xampp\htdocs\code2\system\Common.php(1089): CodeIgniter\View\View->render('ingreso/editar', Array, true)
#4 C:\xampp\htdocs\code2\app\Controllers\Ingreso.php(62): view('ingreso/editar', Array)
#5 C:\xampp\htdocs\code2\system\CodeIgniter.php(825): App\controllers\Ingreso->editar('assets', 'images', 'favicon.ico')
#6 C:\xampp\htdocs\code2\system\CodeIgniter.php(412): CodeIgniter\CodeIgniter->runController(Object(App\controllers\Ingreso))
#7 C:\xampp\htdocs\code2\system\CodeIgniter.php(320): CodeIgniter\CodeIgniter->handleRequest(NULL, Object(Config\Cache), false)
#8 C:\xampp\htdocs\code2\public\index.php(37): CodeIgniter\CodeIgniter->run()
#9 {main}
CRITICAL - 2022-02-07 11:12:44 --> Trying to access array offset on value of type null
#0 C:\xampp\htdocs\code2\app\Views\ingreso\editar.php(10): CodeIgniter\Debug\Exceptions->errorHandler(2, 'Trying to acces...', 'C:\\xampp\\htdocs...', 10)
#1 C:\xampp\htdocs\code2\system\View\View.php(210): include('C:\\xampp\\htdocs...')
#2 C:\xampp\htdocs\code2\system\View\View.php(213): CodeIgniter\View\View->CodeIgniter\View\{closure}()
#3 C:\xampp\htdocs\code2\system\Common.php(1089): CodeIgniter\View\View->render('ingreso/editar', Array, true)
#4 C:\xampp\htdocs\code2\app\Controllers\Ingreso.php(62): view('ingreso/editar', Array)
#5 C:\xampp\htdocs\code2\system\CodeIgniter.php(825): App\controllers\Ingreso->editar('assets', 'plugins', 'jquery-sparklin...', 'jquery.sparklin...')
#6 C:\xampp\htdocs\code2\system\CodeIgniter.php(412): CodeIgniter\CodeIgniter->runController(Object(App\controllers\Ingreso))
#7 C:\xampp\htdocs\code2\system\CodeIgniter.php(320): CodeIgniter\CodeIgniter->handleRequest(NULL, Object(Config\Cache), false)
#8 C:\xampp\htdocs\code2\public\index.php(37): CodeIgniter\CodeIgniter->run()
#9 {main}
CRITICAL - 2022-02-07 11:12:45 --> Trying to access array offset on value of type null
#0 C:\xampp\htdocs\code2\app\Views\ingreso\editar.php(10): CodeIgniter\Debug\Exceptions->errorHandler(2, 'Trying to acces...', 'C:\\xampp\\htdocs...', 10)
#1 C:\xampp\htdocs\code2\system\View\View.php(210): include('C:\\xampp\\htdocs...')
#2 C:\xampp\htdocs\code2\system\View\View.php(213): CodeIgniter\View\View->CodeIgniter\View\{closure}()
#3 C:\xampp\htdocs\code2\system\Common.php(1089): CodeIgniter\View\View->render('ingreso/editar', Array, true)
#4 C:\xampp\htdocs\code2\app\Controllers\Ingreso.php(62): view('ingreso/editar', Array)
#5 C:\xampp\htdocs\code2\system\CodeIgniter.php(825): App\controllers\Ingreso->editar('assets', 'images', 'logo_white_2.pn...')
#6 C:\xampp\htdocs\code2\system\CodeIgniter.php(412): CodeIgniter\CodeIgniter->runController(Object(App\controllers\Ingreso))
#7 C:\xampp\htdocs\code2\system\CodeIgniter.php(320): CodeIgniter\CodeIgniter->handleRequest(NULL, Object(Config\Cache), false)
#8 C:\xampp\htdocs\code2\public\index.php(37): CodeIgniter\CodeIgniter->run()
#9 {main}
CRITICAL - 2022-02-07 11:12:45 --> Trying to access array offset on value of type null
#0 C:\xampp\htdocs\code2\app\Views\ingreso\editar.php(10): CodeIgniter\Debug\Exceptions->errorHandler(2, 'Trying to acces...', 'C:\\xampp\\htdocs...', 10)
#1 C:\xampp\htdocs\code2\system\View\View.php(210): include('C:\\xampp\\htdocs...')
#2 C:\xampp\htdocs\code2\system\View\View.php(213): CodeIgniter\View\View->CodeIgniter\View\{closure}()
#3 C:\xampp\htdocs\code2\system\Common.php(1089): CodeIgniter\View\View->render('ingreso/editar', Array, true)
#4 C:\xampp\htdocs\code2\app\Controllers\Ingreso.php(62): view('ingreso/editar', Array)
#5 C:\xampp\htdocs\code2\system\CodeIgniter.php(825): App\controllers\Ingreso->editar('assets', 'images', 'logo_sm.png')
#6 C:\xampp\htdocs\code2\system\CodeIgniter.php(412): CodeIgniter\CodeIgniter->runController(Object(App\controllers\Ingreso))
#7 C:\xampp\htdocs\code2\system\CodeIgniter.php(320): CodeIgniter\CodeIgniter->handleRequest(NULL, Object(Config\Cache), false)
#8 C:\xampp\htdocs\code2\public\index.php(37): CodeIgniter\CodeIgniter->run()
#9 {main}
CRITICAL - 2022-02-07 11:12:45 --> Trying to access array offset on value of type null
#0 C:\xampp\htdocs\code2\app\Views\ingreso\editar.php(10): CodeIgniter\Debug\Exceptions->errorHandler(2, 'Trying to acces...', 'C:\\xampp\\htdocs...', 10)
#1 C:\xampp\htdocs\code2\system\View\View.php(210): include('C:\\xampp\\htdocs...')
#2 C:\xampp\htdocs\code2\system\View\View.php(213): CodeIgniter\View\View->CodeIgniter\View\{closure}()
#3 C:\xampp\htdocs\code2\system\Common.php(1089): CodeIgniter\View\View->render('ingreso/editar', Array, true)
#4 C:\xampp\htdocs\code2\app\Controllers\Ingreso.php(62): view('ingreso/editar', Array)
#5 C:\xampp\htdocs\code2\system\CodeIgniter.php(825): App\controllers\Ingreso->editar('assets', 'images', 'users', 'avatar-1.jpg')
#6 C:\xampp\htdocs\code2\system\CodeIgniter.php(412): CodeIgniter\CodeIgniter->runController(Object(App\controllers\Ingreso))
#7 C:\xampp\htdocs\code2\system\CodeIgniter.php(320): CodeIgniter\CodeIgniter->handleRequest(NULL, Object(Config\Cache), false)
#8 C:\xampp\htdocs\code2\public\index.php(37): CodeIgniter\CodeIgniter->run()
#9 {main}
CRITICAL - 2022-02-07 11:12:45 --> Trying to access array offset on value of type null
#0 C:\xampp\htdocs\code2\app\Views\ingreso\editar.php(10): CodeIgniter\Debug\Exceptions->errorHandler(2, 'Trying to acces...', 'C:\\xampp\\htdocs...', 10)
#1 C:\xampp\htdocs\code2\system\View\View.php(210): include('C:\\xampp\\htdocs...')
#2 C:\xampp\htdocs\code2\system\View\View.php(213): CodeIgniter\View\View->CodeIgniter\View\{closure}()
#3 C:\xampp\htdocs\code2\system\Common.php(1089): CodeIgniter\View\View->render('ingreso/editar', Array, true)
#4 C:\xampp\htdocs\code2\app\Controllers\Ingreso.php(62): view('ingreso/editar', Array)
#5 C:\xampp\htdocs\code2\system\CodeIgniter.php(825): App\controllers\Ingreso->editar('assets', 'images', 'favicon.ico')
#6 C:\xampp\htdocs\code2\system\CodeIgniter.php(412): CodeIgniter\CodeIgniter->runController(Object(App\controllers\Ingreso))
#7 C:\xampp\htdocs\code2\system\CodeIgniter.php(320): CodeIgniter\CodeIgniter->handleRequest(NULL, Object(Config\Cache), false)
#8 C:\xampp\htdocs\code2\public\index.php(37): CodeIgniter\CodeIgniter->run()
#9 {main}
CRITICAL - 2022-02-07 11:26:24 --> Trying to access array offset on value of type null
#0 C:\xampp\htdocs\code2\app\Views\ingreso\editar.php(10): CodeIgniter\Debug\Exceptions->errorHandler(2, 'Trying to acces...', 'C:\\xampp\\htdocs...', 10)
#1 C:\xampp\htdocs\code2\system\View\View.php(210): include('C:\\xampp\\htdocs...')
#2 C:\xampp\htdocs\code2\system\View\View.php(213): CodeIgniter\View\View->CodeIgniter\View\{closure}()
#3 C:\xampp\htdocs\code2\system\Common.php(1089): CodeIgniter\View\View->render('ingreso/editar', Array, true)
#4 C:\xampp\htdocs\code2\app\Controllers\Ingreso.php(62): view('ingreso/editar', Array)
#5 C:\xampp\htdocs\code2\system\CodeIgniter.php(825): App\controllers\Ingreso->editar('assets', 'plugins', 'jquery-sparklin...', 'jquery.sparklin...')
#6 C:\xampp\htdocs\code2\system\CodeIgniter.php(412): CodeIgniter\CodeIgniter->runController(Object(App\controllers\Ingreso))
#7 C:\xampp\htdocs\code2\system\CodeIgniter.php(320): CodeIgniter\CodeIgniter->handleRequest(NULL, Object(Config\Cache), false)
#8 C:\xampp\htdocs\code2\public\index.php(37): CodeIgniter\CodeIgniter->run()
#9 {main}
CRITICAL - 2022-02-07 11:26:24 --> Trying to access array offset on value of type null
#0 C:\xampp\htdocs\code2\app\Views\ingreso\editar.php(10): CodeIgniter\Debug\Exceptions->errorHandler(2, 'Trying to acces...', 'C:\\xampp\\htdocs...', 10)
#1 C:\xampp\htdocs\code2\system\View\View.php(210): include('C:\\xampp\\htdocs...')
#2 C:\xampp\htdocs\code2\system\View\View.php(213): CodeIgniter\View\View->CodeIgniter\View\{closure}()
#3 C:\xampp\htdocs\code2\system\Common.php(1089): CodeIgniter\View\View->render('ingreso/editar', Array, true)
#4 C:\xampp\htdocs\code2\app\Controllers\Ingreso.php(62): view('ingreso/editar', Array)
#5 C:\xampp\htdocs\code2\system\CodeIgniter.php(825): App\controllers\Ingreso->editar('assets', 'images', 'users', 'avatar-1.jpg')
#6 C:\xampp\htdocs\code2\system\CodeIgniter.php(412): CodeIgniter\CodeIgniter->runController(Object(App\controllers\Ingreso))
#7 C:\xampp\htdocs\code2\system\CodeIgniter.php(320): CodeIgniter\CodeIgniter->handleRequest(NULL, Object(Config\Cache), false)
#8 C:\xampp\htdocs\code2\public\index.php(37): CodeIgniter\CodeIgniter->run()
#9 {main}
CRITICAL - 2022-02-07 12:43:42 --> Trying to access array offset on value of type null
#0 C:\xampp\htdocs\code2\app\Views\ingreso\editar.php(10): CodeIgniter\Debug\Exceptions->errorHandler(2, 'Trying to acces...', 'C:\\xampp\\htdocs...', 10)
#1 C:\xampp\htdocs\code2\system\View\View.php(210): include('C:\\xampp\\htdocs...')
#2 C:\xampp\htdocs\code2\system\View\View.php(213): CodeIgniter\View\View->CodeIgniter\View\{closure}()
#3 C:\xampp\htdocs\code2\system\Common.php(1089): CodeIgniter\View\View->render('ingreso/editar', Array, true)
#4 C:\xampp\htdocs\code2\app\Controllers\Ingreso.php(62): view('ingreso/editar', Array)
#5 C:\xampp\htdocs\code2\system\CodeIgniter.php(825): App\controllers\Ingreso->editar('assets', 'plugins', 'jquery-sparklin...', 'jquery.sparklin...')
#6 C:\xampp\htdocs\code2\system\CodeIgniter.php(412): CodeIgniter\CodeIgniter->runController(Object(App\controllers\Ingreso))
#7 C:\xampp\htdocs\code2\system\CodeIgniter.php(320): CodeIgniter\CodeIgniter->handleRequest(NULL, Object(Config\Cache), false)
#8 C:\xampp\htdocs\code2\public\index.php(37): CodeIgniter\CodeIgniter->run()
#9 {main}
CRITICAL - 2022-02-07 12:43:42 --> Trying to access array offset on value of type null
#0 C:\xampp\htdocs\code2\app\Views\ingreso\editar.php(10): CodeIgniter\Debug\Exceptions->errorHandler(2, 'Trying to acces...', 'C:\\xampp\\htdocs...', 10)
#1 C:\xampp\htdocs\code2\system\View\View.php(210): include('C:\\xampp\\htdocs...')
#2 C:\xampp\htdocs\code2\system\View\View.php(213): CodeIgniter\View\View->CodeIgniter\View\{closure}()
#3 C:\xampp\htdocs\code2\system\Common.php(1089): CodeIgniter\View\View->render('ingreso/editar', Array, true)
#4 C:\xampp\htdocs\code2\app\Controllers\Ingreso.php(62): view('ingreso/editar', Array)
#5 C:\xampp\htdocs\code2\system\CodeIgniter.php(825): App\controllers\Ingreso->editar('assets', 'images', 'users', 'avatar-1.jpg')
#6 C:\xampp\htdocs\code2\system\CodeIgniter.php(412): CodeIgniter\CodeIgniter->runController(Object(App\controllers\Ingreso))
#7 C:\xampp\htdocs\code2\system\CodeIgniter.php(320): CodeIgniter\CodeIgniter->handleRequest(NULL, Object(Config\Cache), false)
#8 C:\xampp\htdocs\code2\public\index.php(37): CodeIgniter\CodeIgniter->run()
#9 {main}
